ARM GAS  /tmp/ccAoMlmu.s 			page 1


   1              		.cpu cortex-m4
   2              		.eabi_attribute 27, 1
   3              		.eabi_attribute 28, 1
   4              		.eabi_attribute 20, 1
   5              		.eabi_attribute 21, 1
   6              		.eabi_attribute 23, 3
   7              		.eabi_attribute 24, 1
   8              		.eabi_attribute 25, 1
   9              		.eabi_attribute 26, 1
  10              		.eabi_attribute 30, 1
  11              		.eabi_attribute 34, 1
  12              		.eabi_attribute 18, 4
  13              		.file	"stm32f4xx_hal_msp.c"
  14              		.text
  15              	.Ltext0:
  16              		.cfi_sections	.debug_frame
  17              		.section	.text.HAL_MspInit,"ax",%progbits
  18              		.align	1
  19              		.global	HAL_MspInit
  20              		.arch armv7e-m
  21              		.syntax unified
  22              		.thumb
  23              		.thumb_func
  24              		.fpu fpv4-sp-d16
  26              	HAL_MspInit:
  27              	.LFB130:
  28              		.file 1 "Core/Src/stm32f4xx_hal_msp.c"
   1:Core/Src/stm32f4xx_hal_msp.c **** /* USER CODE BEGIN Header */
   2:Core/Src/stm32f4xx_hal_msp.c **** /**
   3:Core/Src/stm32f4xx_hal_msp.c ****   ******************************************************************************
   4:Core/Src/stm32f4xx_hal_msp.c ****   * @file         stm32f4xx_hal_msp.c
   5:Core/Src/stm32f4xx_hal_msp.c ****   * @brief        This file provides code for the MSP Initialization
   6:Core/Src/stm32f4xx_hal_msp.c ****   *               and de-Initialization codes.
   7:Core/Src/stm32f4xx_hal_msp.c ****   ******************************************************************************
   8:Core/Src/stm32f4xx_hal_msp.c ****   * @attention
   9:Core/Src/stm32f4xx_hal_msp.c ****   *
  10:Core/Src/stm32f4xx_hal_msp.c ****   * Copyright (c) 2023 STMicroelectronics.
  11:Core/Src/stm32f4xx_hal_msp.c ****   * All rights reserved.
  12:Core/Src/stm32f4xx_hal_msp.c ****   *
  13:Core/Src/stm32f4xx_hal_msp.c ****   * This software is licensed under terms that can be found in the LICENSE file
  14:Core/Src/stm32f4xx_hal_msp.c ****   * in the root directory of this software component.
  15:Core/Src/stm32f4xx_hal_msp.c ****   * If no LICENSE file comes with this software, it is provided AS-IS.
  16:Core/Src/stm32f4xx_hal_msp.c ****   *
  17:Core/Src/stm32f4xx_hal_msp.c ****   ******************************************************************************
  18:Core/Src/stm32f4xx_hal_msp.c ****   */
  19:Core/Src/stm32f4xx_hal_msp.c **** /* USER CODE END Header */
  20:Core/Src/stm32f4xx_hal_msp.c **** 
  21:Core/Src/stm32f4xx_hal_msp.c **** /* Includes ------------------------------------------------------------------*/
  22:Core/Src/stm32f4xx_hal_msp.c **** #include "main.h"
  23:Core/Src/stm32f4xx_hal_msp.c **** 
  24:Core/Src/stm32f4xx_hal_msp.c **** /* USER CODE BEGIN Includes */
  25:Core/Src/stm32f4xx_hal_msp.c **** 
  26:Core/Src/stm32f4xx_hal_msp.c **** /* USER CODE END Includes */
  27:Core/Src/stm32f4xx_hal_msp.c **** 
  28:Core/Src/stm32f4xx_hal_msp.c **** /* Private typedef -----------------------------------------------------------*/
  29:Core/Src/stm32f4xx_hal_msp.c **** /* USER CODE BEGIN TD */
  30:Core/Src/stm32f4xx_hal_msp.c **** 
ARM GAS  /tmp/ccAoMlmu.s 			page 2


  31:Core/Src/stm32f4xx_hal_msp.c **** /* USER CODE END TD */
  32:Core/Src/stm32f4xx_hal_msp.c **** 
  33:Core/Src/stm32f4xx_hal_msp.c **** /* Private define ------------------------------------------------------------*/
  34:Core/Src/stm32f4xx_hal_msp.c **** /* USER CODE BEGIN Define */
  35:Core/Src/stm32f4xx_hal_msp.c **** 
  36:Core/Src/stm32f4xx_hal_msp.c **** /* USER CODE END Define */
  37:Core/Src/stm32f4xx_hal_msp.c **** 
  38:Core/Src/stm32f4xx_hal_msp.c **** /* Private macro -------------------------------------------------------------*/
  39:Core/Src/stm32f4xx_hal_msp.c **** /* USER CODE BEGIN Macro */
  40:Core/Src/stm32f4xx_hal_msp.c **** 
  41:Core/Src/stm32f4xx_hal_msp.c **** /* USER CODE END Macro */
  42:Core/Src/stm32f4xx_hal_msp.c **** 
  43:Core/Src/stm32f4xx_hal_msp.c **** /* Private variables ---------------------------------------------------------*/
  44:Core/Src/stm32f4xx_hal_msp.c **** /* USER CODE BEGIN PV */
  45:Core/Src/stm32f4xx_hal_msp.c **** 
  46:Core/Src/stm32f4xx_hal_msp.c **** /* USER CODE END PV */
  47:Core/Src/stm32f4xx_hal_msp.c **** 
  48:Core/Src/stm32f4xx_hal_msp.c **** /* Private function prototypes -----------------------------------------------*/
  49:Core/Src/stm32f4xx_hal_msp.c **** /* USER CODE BEGIN PFP */
  50:Core/Src/stm32f4xx_hal_msp.c **** 
  51:Core/Src/stm32f4xx_hal_msp.c **** /* USER CODE END PFP */
  52:Core/Src/stm32f4xx_hal_msp.c **** 
  53:Core/Src/stm32f4xx_hal_msp.c **** /* External functions --------------------------------------------------------*/
  54:Core/Src/stm32f4xx_hal_msp.c **** /* USER CODE BEGIN ExternalFunctions */
  55:Core/Src/stm32f4xx_hal_msp.c **** 
  56:Core/Src/stm32f4xx_hal_msp.c **** /* USER CODE END ExternalFunctions */
  57:Core/Src/stm32f4xx_hal_msp.c **** 
  58:Core/Src/stm32f4xx_hal_msp.c **** /* USER CODE BEGIN 0 */
  59:Core/Src/stm32f4xx_hal_msp.c **** 
  60:Core/Src/stm32f4xx_hal_msp.c **** /* USER CODE END 0 */
  61:Core/Src/stm32f4xx_hal_msp.c **** /**
  62:Core/Src/stm32f4xx_hal_msp.c ****   * Initializes the Global MSP.
  63:Core/Src/stm32f4xx_hal_msp.c ****   */
  64:Core/Src/stm32f4xx_hal_msp.c **** void HAL_MspInit(void)
  65:Core/Src/stm32f4xx_hal_msp.c **** {
  29              		.loc 1 65 1 view -0
  30              		.cfi_startproc
  31              		@ args = 0, pretend = 0, frame = 8
  32              		@ frame_needed = 0, uses_anonymous_args = 0
  33 0000 00B5     		push	{lr}
  34              		.cfi_def_cfa_offset 4
  35              		.cfi_offset 14, -4
  36 0002 83B0     		sub	sp, sp, #12
  37              		.cfi_def_cfa_offset 16
  66:Core/Src/stm32f4xx_hal_msp.c ****   /* USER CODE BEGIN MspInit 0 */
  67:Core/Src/stm32f4xx_hal_msp.c **** 
  68:Core/Src/stm32f4xx_hal_msp.c ****   /* USER CODE END MspInit 0 */
  69:Core/Src/stm32f4xx_hal_msp.c **** 
  70:Core/Src/stm32f4xx_hal_msp.c ****   __HAL_RCC_SYSCFG_CLK_ENABLE();
  38              		.loc 1 70 3 view .LVU1
  39              	.LBB2:
  40              		.loc 1 70 3 view .LVU2
  41 0004 0021     		movs	r1, #0
  42 0006 0091     		str	r1, [sp]
  43              		.loc 1 70 3 view .LVU3
  44 0008 0C4B     		ldr	r3, .L3
  45 000a 5A6C     		ldr	r2, [r3, #68]
ARM GAS  /tmp/ccAoMlmu.s 			page 3


  46 000c 42F48042 		orr	r2, r2, #16384
  47 0010 5A64     		str	r2, [r3, #68]
  48              		.loc 1 70 3 view .LVU4
  49 0012 5A6C     		ldr	r2, [r3, #68]
  50 0014 02F48042 		and	r2, r2, #16384
  51 0018 0092     		str	r2, [sp]
  52              		.loc 1 70 3 view .LVU5
  53 001a 009A     		ldr	r2, [sp]
  54              	.LBE2:
  55              		.loc 1 70 3 view .LVU6
  71:Core/Src/stm32f4xx_hal_msp.c ****   __HAL_RCC_PWR_CLK_ENABLE();
  56              		.loc 1 71 3 view .LVU7
  57              	.LBB3:
  58              		.loc 1 71 3 view .LVU8
  59 001c 0191     		str	r1, [sp, #4]
  60              		.loc 1 71 3 view .LVU9
  61 001e 1A6C     		ldr	r2, [r3, #64]
  62 0020 42F08052 		orr	r2, r2, #268435456
  63 0024 1A64     		str	r2, [r3, #64]
  64              		.loc 1 71 3 view .LVU10
  65 0026 1B6C     		ldr	r3, [r3, #64]
  66 0028 03F08053 		and	r3, r3, #268435456
  67 002c 0193     		str	r3, [sp, #4]
  68              		.loc 1 71 3 view .LVU11
  69 002e 019B     		ldr	r3, [sp, #4]
  70              	.LBE3:
  71              		.loc 1 71 3 view .LVU12
  72:Core/Src/stm32f4xx_hal_msp.c **** 
  73:Core/Src/stm32f4xx_hal_msp.c ****   HAL_NVIC_SetPriorityGrouping(NVIC_PRIORITYGROUP_0);
  72              		.loc 1 73 3 view .LVU13
  73 0030 0720     		movs	r0, #7
  74 0032 FFF7FEFF 		bl	HAL_NVIC_SetPriorityGrouping
  75              	.LVL0:
  74:Core/Src/stm32f4xx_hal_msp.c **** 
  75:Core/Src/stm32f4xx_hal_msp.c ****   /* System interrupt init*/
  76:Core/Src/stm32f4xx_hal_msp.c **** 
  77:Core/Src/stm32f4xx_hal_msp.c ****   /* USER CODE BEGIN MspInit 1 */
  78:Core/Src/stm32f4xx_hal_msp.c **** 
  79:Core/Src/stm32f4xx_hal_msp.c ****   /* USER CODE END MspInit 1 */
  80:Core/Src/stm32f4xx_hal_msp.c **** }
  76              		.loc 1 80 1 is_stmt 0 view .LVU14
  77 0036 03B0     		add	sp, sp, #12
  78              		.cfi_def_cfa_offset 4
  79              		@ sp needed
  80 0038 5DF804FB 		ldr	pc, [sp], #4
  81              	.L4:
  82              		.align	2
  83              	.L3:
  84 003c 00380240 		.word	1073887232
  85              		.cfi_endproc
  86              	.LFE130:
  88              		.section	.text.HAL_I2C_MspInit,"ax",%progbits
  89              		.align	1
  90              		.global	HAL_I2C_MspInit
  91              		.syntax unified
  92              		.thumb
  93              		.thumb_func
ARM GAS  /tmp/ccAoMlmu.s 			page 4


  94              		.fpu fpv4-sp-d16
  96              	HAL_I2C_MspInit:
  97              	.LVL1:
  98              	.LFB131:
  81:Core/Src/stm32f4xx_hal_msp.c **** 
  82:Core/Src/stm32f4xx_hal_msp.c **** /**
  83:Core/Src/stm32f4xx_hal_msp.c **** * @brief I2C MSP Initialization
  84:Core/Src/stm32f4xx_hal_msp.c **** * This function configures the hardware resources used in this example
  85:Core/Src/stm32f4xx_hal_msp.c **** * @param hi2c: I2C handle pointer
  86:Core/Src/stm32f4xx_hal_msp.c **** * @retval None
  87:Core/Src/stm32f4xx_hal_msp.c **** */
  88:Core/Src/stm32f4xx_hal_msp.c **** void HAL_I2C_MspInit(I2C_HandleTypeDef* hi2c)
  89:Core/Src/stm32f4xx_hal_msp.c **** {
  99              		.loc 1 89 1 is_stmt 1 view -0
 100              		.cfi_startproc
 101              		@ args = 0, pretend = 0, frame = 32
 102              		@ frame_needed = 0, uses_anonymous_args = 0
 103              		.loc 1 89 1 is_stmt 0 view .LVU16
 104 0000 30B5     		push	{r4, r5, lr}
 105              		.cfi_def_cfa_offset 12
 106              		.cfi_offset 4, -12
 107              		.cfi_offset 5, -8
 108              		.cfi_offset 14, -4
 109 0002 89B0     		sub	sp, sp, #36
 110              		.cfi_def_cfa_offset 48
  90:Core/Src/stm32f4xx_hal_msp.c ****   GPIO_InitTypeDef GPIO_InitStruct = {0};
 111              		.loc 1 90 3 is_stmt 1 view .LVU17
 112              		.loc 1 90 20 is_stmt 0 view .LVU18
 113 0004 0023     		movs	r3, #0
 114 0006 0393     		str	r3, [sp, #12]
 115 0008 0493     		str	r3, [sp, #16]
 116 000a 0593     		str	r3, [sp, #20]
 117 000c 0693     		str	r3, [sp, #24]
 118 000e 0793     		str	r3, [sp, #28]
  91:Core/Src/stm32f4xx_hal_msp.c ****   if(hi2c->Instance==I2C1)
 119              		.loc 1 91 3 is_stmt 1 view .LVU19
 120              		.loc 1 91 10 is_stmt 0 view .LVU20
 121 0010 0268     		ldr	r2, [r0]
 122              		.loc 1 91 5 view .LVU21
 123 0012 154B     		ldr	r3, .L9
 124 0014 9A42     		cmp	r2, r3
 125 0016 01D0     		beq	.L8
 126              	.LVL2:
 127              	.L5:
  92:Core/Src/stm32f4xx_hal_msp.c ****   {
  93:Core/Src/stm32f4xx_hal_msp.c ****   /* USER CODE BEGIN I2C1_MspInit 0 */
  94:Core/Src/stm32f4xx_hal_msp.c **** 
  95:Core/Src/stm32f4xx_hal_msp.c ****   /* USER CODE END I2C1_MspInit 0 */
  96:Core/Src/stm32f4xx_hal_msp.c **** 
  97:Core/Src/stm32f4xx_hal_msp.c ****     __HAL_RCC_GPIOB_CLK_ENABLE();
  98:Core/Src/stm32f4xx_hal_msp.c ****     /**I2C1 GPIO Configuration
  99:Core/Src/stm32f4xx_hal_msp.c ****     PB6     ------> I2C1_SCL
 100:Core/Src/stm32f4xx_hal_msp.c ****     PB9     ------> I2C1_SDA
 101:Core/Src/stm32f4xx_hal_msp.c ****     */
 102:Core/Src/stm32f4xx_hal_msp.c ****     GPIO_InitStruct.Pin = Audio_SCL_Pin|Audio_SDA_Pin;
 103:Core/Src/stm32f4xx_hal_msp.c ****     GPIO_InitStruct.Mode = GPIO_MODE_AF_OD;
 104:Core/Src/stm32f4xx_hal_msp.c ****     GPIO_InitStruct.Pull = GPIO_PULLUP;
ARM GAS  /tmp/ccAoMlmu.s 			page 5


 105:Core/Src/stm32f4xx_hal_msp.c ****     GPIO_InitStruct.Speed = GPIO_SPEED_FREQ_LOW;
 106:Core/Src/stm32f4xx_hal_msp.c ****     GPIO_InitStruct.Alternate = GPIO_AF4_I2C1;
 107:Core/Src/stm32f4xx_hal_msp.c ****     HAL_GPIO_Init(GPIOB, &GPIO_InitStruct);
 108:Core/Src/stm32f4xx_hal_msp.c **** 
 109:Core/Src/stm32f4xx_hal_msp.c ****     /* Peripheral clock enable */
 110:Core/Src/stm32f4xx_hal_msp.c ****     __HAL_RCC_I2C1_CLK_ENABLE();
 111:Core/Src/stm32f4xx_hal_msp.c ****   /* USER CODE BEGIN I2C1_MspInit 1 */
 112:Core/Src/stm32f4xx_hal_msp.c **** 
 113:Core/Src/stm32f4xx_hal_msp.c ****   /* USER CODE END I2C1_MspInit 1 */
 114:Core/Src/stm32f4xx_hal_msp.c ****   }
 115:Core/Src/stm32f4xx_hal_msp.c **** 
 116:Core/Src/stm32f4xx_hal_msp.c **** }
 128              		.loc 1 116 1 view .LVU22
 129 0018 09B0     		add	sp, sp, #36
 130              		.cfi_remember_state
 131              		.cfi_def_cfa_offset 12
 132              		@ sp needed
 133 001a 30BD     		pop	{r4, r5, pc}
 134              	.LVL3:
 135              	.L8:
 136              		.cfi_restore_state
  97:Core/Src/stm32f4xx_hal_msp.c ****     /**I2C1 GPIO Configuration
 137              		.loc 1 97 5 is_stmt 1 view .LVU23
 138              	.LBB4:
  97:Core/Src/stm32f4xx_hal_msp.c ****     /**I2C1 GPIO Configuration
 139              		.loc 1 97 5 view .LVU24
 140 001c 0025     		movs	r5, #0
 141 001e 0195     		str	r5, [sp, #4]
  97:Core/Src/stm32f4xx_hal_msp.c ****     /**I2C1 GPIO Configuration
 142              		.loc 1 97 5 view .LVU25
 143 0020 124C     		ldr	r4, .L9+4
 144 0022 236B     		ldr	r3, [r4, #48]
 145 0024 43F00203 		orr	r3, r3, #2
 146 0028 2363     		str	r3, [r4, #48]
  97:Core/Src/stm32f4xx_hal_msp.c ****     /**I2C1 GPIO Configuration
 147              		.loc 1 97 5 view .LVU26
 148 002a 236B     		ldr	r3, [r4, #48]
 149 002c 03F00203 		and	r3, r3, #2
 150 0030 0193     		str	r3, [sp, #4]
  97:Core/Src/stm32f4xx_hal_msp.c ****     /**I2C1 GPIO Configuration
 151              		.loc 1 97 5 view .LVU27
 152 0032 019B     		ldr	r3, [sp, #4]
 153              	.LBE4:
  97:Core/Src/stm32f4xx_hal_msp.c ****     /**I2C1 GPIO Configuration
 154              		.loc 1 97 5 view .LVU28
 102:Core/Src/stm32f4xx_hal_msp.c ****     GPIO_InitStruct.Mode = GPIO_MODE_AF_OD;
 155              		.loc 1 102 5 view .LVU29
 102:Core/Src/stm32f4xx_hal_msp.c ****     GPIO_InitStruct.Mode = GPIO_MODE_AF_OD;
 156              		.loc 1 102 25 is_stmt 0 view .LVU30
 157 0034 4FF41073 		mov	r3, #576
 158 0038 0393     		str	r3, [sp, #12]
 103:Core/Src/stm32f4xx_hal_msp.c ****     GPIO_InitStruct.Pull = GPIO_PULLUP;
 159              		.loc 1 103 5 is_stmt 1 view .LVU31
 103:Core/Src/stm32f4xx_hal_msp.c ****     GPIO_InitStruct.Pull = GPIO_PULLUP;
 160              		.loc 1 103 26 is_stmt 0 view .LVU32
 161 003a 1223     		movs	r3, #18
 162 003c 0493     		str	r3, [sp, #16]
ARM GAS  /tmp/ccAoMlmu.s 			page 6


 104:Core/Src/stm32f4xx_hal_msp.c ****     GPIO_InitStruct.Speed = GPIO_SPEED_FREQ_LOW;
 163              		.loc 1 104 5 is_stmt 1 view .LVU33
 104:Core/Src/stm32f4xx_hal_msp.c ****     GPIO_InitStruct.Speed = GPIO_SPEED_FREQ_LOW;
 164              		.loc 1 104 26 is_stmt 0 view .LVU34
 165 003e 0123     		movs	r3, #1
 166 0040 0593     		str	r3, [sp, #20]
 105:Core/Src/stm32f4xx_hal_msp.c ****     GPIO_InitStruct.Alternate = GPIO_AF4_I2C1;
 167              		.loc 1 105 5 is_stmt 1 view .LVU35
 105:Core/Src/stm32f4xx_hal_msp.c ****     GPIO_InitStruct.Alternate = GPIO_AF4_I2C1;
 168              		.loc 1 105 27 is_stmt 0 view .LVU36
 169 0042 0695     		str	r5, [sp, #24]
 106:Core/Src/stm32f4xx_hal_msp.c ****     HAL_GPIO_Init(GPIOB, &GPIO_InitStruct);
 170              		.loc 1 106 5 is_stmt 1 view .LVU37
 106:Core/Src/stm32f4xx_hal_msp.c ****     HAL_GPIO_Init(GPIOB, &GPIO_InitStruct);
 171              		.loc 1 106 31 is_stmt 0 view .LVU38
 172 0044 0423     		movs	r3, #4
 173 0046 0793     		str	r3, [sp, #28]
 107:Core/Src/stm32f4xx_hal_msp.c **** 
 174              		.loc 1 107 5 is_stmt 1 view .LVU39
 175 0048 03A9     		add	r1, sp, #12
 176 004a 0948     		ldr	r0, .L9+8
 177              	.LVL4:
 107:Core/Src/stm32f4xx_hal_msp.c **** 
 178              		.loc 1 107 5 is_stmt 0 view .LVU40
 179 004c FFF7FEFF 		bl	HAL_GPIO_Init
 180              	.LVL5:
 110:Core/Src/stm32f4xx_hal_msp.c ****   /* USER CODE BEGIN I2C1_MspInit 1 */
 181              		.loc 1 110 5 is_stmt 1 view .LVU41
 182              	.LBB5:
 110:Core/Src/stm32f4xx_hal_msp.c ****   /* USER CODE BEGIN I2C1_MspInit 1 */
 183              		.loc 1 110 5 view .LVU42
 184 0050 0295     		str	r5, [sp, #8]
 110:Core/Src/stm32f4xx_hal_msp.c ****   /* USER CODE BEGIN I2C1_MspInit 1 */
 185              		.loc 1 110 5 view .LVU43
 186 0052 236C     		ldr	r3, [r4, #64]
 187 0054 43F40013 		orr	r3, r3, #2097152
 188 0058 2364     		str	r3, [r4, #64]
 110:Core/Src/stm32f4xx_hal_msp.c ****   /* USER CODE BEGIN I2C1_MspInit 1 */
 189              		.loc 1 110 5 view .LVU44
 190 005a 236C     		ldr	r3, [r4, #64]
 191 005c 03F40013 		and	r3, r3, #2097152
 192 0060 0293     		str	r3, [sp, #8]
 110:Core/Src/stm32f4xx_hal_msp.c ****   /* USER CODE BEGIN I2C1_MspInit 1 */
 193              		.loc 1 110 5 view .LVU45
 194 0062 029B     		ldr	r3, [sp, #8]
 195              	.LBE5:
 110:Core/Src/stm32f4xx_hal_msp.c ****   /* USER CODE BEGIN I2C1_MspInit 1 */
 196              		.loc 1 110 5 view .LVU46
 197              		.loc 1 116 1 is_stmt 0 view .LVU47
 198 0064 D8E7     		b	.L5
 199              	.L10:
 200 0066 00BF     		.align	2
 201              	.L9:
 202 0068 00540040 		.word	1073763328
 203 006c 00380240 		.word	1073887232
 204 0070 00040240 		.word	1073873920
 205              		.cfi_endproc
ARM GAS  /tmp/ccAoMlmu.s 			page 7


 206              	.LFE131:
 208              		.section	.text.HAL_I2C_MspDeInit,"ax",%progbits
 209              		.align	1
 210              		.global	HAL_I2C_MspDeInit
 211              		.syntax unified
 212              		.thumb
 213              		.thumb_func
 214              		.fpu fpv4-sp-d16
 216              	HAL_I2C_MspDeInit:
 217              	.LVL6:
 218              	.LFB132:
 117:Core/Src/stm32f4xx_hal_msp.c **** 
 118:Core/Src/stm32f4xx_hal_msp.c **** /**
 119:Core/Src/stm32f4xx_hal_msp.c **** * @brief I2C MSP De-Initialization
 120:Core/Src/stm32f4xx_hal_msp.c **** * This function freeze the hardware resources used in this example
 121:Core/Src/stm32f4xx_hal_msp.c **** * @param hi2c: I2C handle pointer
 122:Core/Src/stm32f4xx_hal_msp.c **** * @retval None
 123:Core/Src/stm32f4xx_hal_msp.c **** */
 124:Core/Src/stm32f4xx_hal_msp.c **** void HAL_I2C_MspDeInit(I2C_HandleTypeDef* hi2c)
 125:Core/Src/stm32f4xx_hal_msp.c **** {
 219              		.loc 1 125 1 is_stmt 1 view -0
 220              		.cfi_startproc
 221              		@ args = 0, pretend = 0, frame = 0
 222              		@ frame_needed = 0, uses_anonymous_args = 0
 126:Core/Src/stm32f4xx_hal_msp.c ****   if(hi2c->Instance==I2C1)
 223              		.loc 1 126 3 view .LVU49
 224              		.loc 1 126 10 is_stmt 0 view .LVU50
 225 0000 0268     		ldr	r2, [r0]
 226              		.loc 1 126 5 view .LVU51
 227 0002 0A4B     		ldr	r3, .L18
 228 0004 9A42     		cmp	r2, r3
 229 0006 00D0     		beq	.L17
 230 0008 7047     		bx	lr
 231              	.L17:
 125:Core/Src/stm32f4xx_hal_msp.c ****   if(hi2c->Instance==I2C1)
 232              		.loc 1 125 1 view .LVU52
 233 000a 10B5     		push	{r4, lr}
 234              		.cfi_def_cfa_offset 8
 235              		.cfi_offset 4, -8
 236              		.cfi_offset 14, -4
 127:Core/Src/stm32f4xx_hal_msp.c ****   {
 128:Core/Src/stm32f4xx_hal_msp.c ****   /* USER CODE BEGIN I2C1_MspDeInit 0 */
 129:Core/Src/stm32f4xx_hal_msp.c **** 
 130:Core/Src/stm32f4xx_hal_msp.c ****   /* USER CODE END I2C1_MspDeInit 0 */
 131:Core/Src/stm32f4xx_hal_msp.c ****     /* Peripheral clock disable */
 132:Core/Src/stm32f4xx_hal_msp.c ****     __HAL_RCC_I2C1_CLK_DISABLE();
 237              		.loc 1 132 5 is_stmt 1 view .LVU53
 238 000c 084A     		ldr	r2, .L18+4
 239 000e 136C     		ldr	r3, [r2, #64]
 240 0010 23F40013 		bic	r3, r3, #2097152
 241 0014 1364     		str	r3, [r2, #64]
 133:Core/Src/stm32f4xx_hal_msp.c **** 
 134:Core/Src/stm32f4xx_hal_msp.c ****     /**I2C1 GPIO Configuration
 135:Core/Src/stm32f4xx_hal_msp.c ****     PB6     ------> I2C1_SCL
 136:Core/Src/stm32f4xx_hal_msp.c ****     PB9     ------> I2C1_SDA
 137:Core/Src/stm32f4xx_hal_msp.c ****     */
 138:Core/Src/stm32f4xx_hal_msp.c ****     HAL_GPIO_DeInit(Audio_SCL_GPIO_Port, Audio_SCL_Pin);
ARM GAS  /tmp/ccAoMlmu.s 			page 8


 242              		.loc 1 138 5 view .LVU54
 243 0016 074C     		ldr	r4, .L18+8
 244 0018 4021     		movs	r1, #64
 245 001a 2046     		mov	r0, r4
 246              	.LVL7:
 247              		.loc 1 138 5 is_stmt 0 view .LVU55
 248 001c FFF7FEFF 		bl	HAL_GPIO_DeInit
 249              	.LVL8:
 139:Core/Src/stm32f4xx_hal_msp.c **** 
 140:Core/Src/stm32f4xx_hal_msp.c ****     HAL_GPIO_DeInit(Audio_SDA_GPIO_Port, Audio_SDA_Pin);
 250              		.loc 1 140 5 is_stmt 1 view .LVU56
 251 0020 4FF40071 		mov	r1, #512
 252 0024 2046     		mov	r0, r4
 253 0026 FFF7FEFF 		bl	HAL_GPIO_DeInit
 254              	.LVL9:
 141:Core/Src/stm32f4xx_hal_msp.c **** 
 142:Core/Src/stm32f4xx_hal_msp.c ****   /* USER CODE BEGIN I2C1_MspDeInit 1 */
 143:Core/Src/stm32f4xx_hal_msp.c **** 
 144:Core/Src/stm32f4xx_hal_msp.c ****   /* USER CODE END I2C1_MspDeInit 1 */
 145:Core/Src/stm32f4xx_hal_msp.c ****   }
 146:Core/Src/stm32f4xx_hal_msp.c **** 
 147:Core/Src/stm32f4xx_hal_msp.c **** }
 255              		.loc 1 147 1 is_stmt 0 view .LVU57
 256 002a 10BD     		pop	{r4, pc}
 257              	.L19:
 258              		.align	2
 259              	.L18:
 260 002c 00540040 		.word	1073763328
 261 0030 00380240 		.word	1073887232
 262 0034 00040240 		.word	1073873920
 263              		.cfi_endproc
 264              	.LFE132:
 266              		.section	.text.HAL_I2S_MspInit,"ax",%progbits
 267              		.align	1
 268              		.global	HAL_I2S_MspInit
 269              		.syntax unified
 270              		.thumb
 271              		.thumb_func
 272              		.fpu fpv4-sp-d16
 274              	HAL_I2S_MspInit:
 275              	.LVL10:
 276              	.LFB133:
 148:Core/Src/stm32f4xx_hal_msp.c **** 
 149:Core/Src/stm32f4xx_hal_msp.c **** /**
 150:Core/Src/stm32f4xx_hal_msp.c **** * @brief I2S MSP Initialization
 151:Core/Src/stm32f4xx_hal_msp.c **** * This function configures the hardware resources used in this example
 152:Core/Src/stm32f4xx_hal_msp.c **** * @param hi2s: I2S handle pointer
 153:Core/Src/stm32f4xx_hal_msp.c **** * @retval None
 154:Core/Src/stm32f4xx_hal_msp.c **** */
 155:Core/Src/stm32f4xx_hal_msp.c **** void HAL_I2S_MspInit(I2S_HandleTypeDef* hi2s)
 156:Core/Src/stm32f4xx_hal_msp.c **** {
 277              		.loc 1 156 1 is_stmt 1 view -0
 278              		.cfi_startproc
 279              		@ args = 0, pretend = 0, frame = 48
 280              		@ frame_needed = 0, uses_anonymous_args = 0
 281              		.loc 1 156 1 is_stmt 0 view .LVU59
 282 0000 70B5     		push	{r4, r5, r6, lr}
ARM GAS  /tmp/ccAoMlmu.s 			page 9


 283              		.cfi_def_cfa_offset 16
 284              		.cfi_offset 4, -16
 285              		.cfi_offset 5, -12
 286              		.cfi_offset 6, -8
 287              		.cfi_offset 14, -4
 288 0002 8CB0     		sub	sp, sp, #48
 289              		.cfi_def_cfa_offset 64
 157:Core/Src/stm32f4xx_hal_msp.c ****   GPIO_InitTypeDef GPIO_InitStruct = {0};
 290              		.loc 1 157 3 is_stmt 1 view .LVU60
 291              		.loc 1 157 20 is_stmt 0 view .LVU61
 292 0004 0023     		movs	r3, #0
 293 0006 0793     		str	r3, [sp, #28]
 294 0008 0893     		str	r3, [sp, #32]
 295 000a 0993     		str	r3, [sp, #36]
 296 000c 0A93     		str	r3, [sp, #40]
 297 000e 0B93     		str	r3, [sp, #44]
 158:Core/Src/stm32f4xx_hal_msp.c ****   RCC_PeriphCLKInitTypeDef PeriphClkInitStruct = {0};
 298              		.loc 1 158 3 is_stmt 1 view .LVU62
 299              		.loc 1 158 28 is_stmt 0 view .LVU63
 300 0010 0693     		str	r3, [sp, #24]
 159:Core/Src/stm32f4xx_hal_msp.c ****   if(hi2s->Instance==SPI3)
 301              		.loc 1 159 3 is_stmt 1 view .LVU64
 302              		.loc 1 159 10 is_stmt 0 view .LVU65
 303 0012 0268     		ldr	r2, [r0]
 304              		.loc 1 159 5 view .LVU66
 305 0014 254B     		ldr	r3, .L26
 306 0016 9A42     		cmp	r2, r3
 307 0018 01D0     		beq	.L24
 308              	.LVL11:
 309              	.L20:
 160:Core/Src/stm32f4xx_hal_msp.c ****   {
 161:Core/Src/stm32f4xx_hal_msp.c ****   /* USER CODE BEGIN SPI3_MspInit 0 */
 162:Core/Src/stm32f4xx_hal_msp.c **** 
 163:Core/Src/stm32f4xx_hal_msp.c ****   /* USER CODE END SPI3_MspInit 0 */
 164:Core/Src/stm32f4xx_hal_msp.c **** 
 165:Core/Src/stm32f4xx_hal_msp.c ****   /** Initializes the peripherals clock
 166:Core/Src/stm32f4xx_hal_msp.c ****   */
 167:Core/Src/stm32f4xx_hal_msp.c ****     PeriphClkInitStruct.PeriphClockSelection = RCC_PERIPHCLK_I2S;
 168:Core/Src/stm32f4xx_hal_msp.c ****     PeriphClkInitStruct.PLLI2S.PLLI2SN = 192;
 169:Core/Src/stm32f4xx_hal_msp.c ****     PeriphClkInitStruct.PLLI2S.PLLI2SR = 2;
 170:Core/Src/stm32f4xx_hal_msp.c ****     if (HAL_RCCEx_PeriphCLKConfig(&PeriphClkInitStruct) != HAL_OK)
 171:Core/Src/stm32f4xx_hal_msp.c ****     {
 172:Core/Src/stm32f4xx_hal_msp.c ****       Error_Handler();
 173:Core/Src/stm32f4xx_hal_msp.c ****     }
 174:Core/Src/stm32f4xx_hal_msp.c **** 
 175:Core/Src/stm32f4xx_hal_msp.c ****     /* Peripheral clock enable */
 176:Core/Src/stm32f4xx_hal_msp.c ****     __HAL_RCC_SPI3_CLK_ENABLE();
 177:Core/Src/stm32f4xx_hal_msp.c **** 
 178:Core/Src/stm32f4xx_hal_msp.c ****     __HAL_RCC_GPIOA_CLK_ENABLE();
 179:Core/Src/stm32f4xx_hal_msp.c ****     __HAL_RCC_GPIOC_CLK_ENABLE();
 180:Core/Src/stm32f4xx_hal_msp.c ****     /**I2S3 GPIO Configuration
 181:Core/Src/stm32f4xx_hal_msp.c ****     PA4     ------> I2S3_WS
 182:Core/Src/stm32f4xx_hal_msp.c ****     PC7     ------> I2S3_MCK
 183:Core/Src/stm32f4xx_hal_msp.c ****     PC10     ------> I2S3_CK
 184:Core/Src/stm32f4xx_hal_msp.c ****     PC12     ------> I2S3_SD
 185:Core/Src/stm32f4xx_hal_msp.c ****     */
 186:Core/Src/stm32f4xx_hal_msp.c ****     GPIO_InitStruct.Pin = I2S3_WS_Pin;
ARM GAS  /tmp/ccAoMlmu.s 			page 10


 187:Core/Src/stm32f4xx_hal_msp.c ****     GPIO_InitStruct.Mode = GPIO_MODE_AF_PP;
 188:Core/Src/stm32f4xx_hal_msp.c ****     GPIO_InitStruct.Pull = GPIO_NOPULL;
 189:Core/Src/stm32f4xx_hal_msp.c ****     GPIO_InitStruct.Speed = GPIO_SPEED_FREQ_LOW;
 190:Core/Src/stm32f4xx_hal_msp.c ****     GPIO_InitStruct.Alternate = GPIO_AF6_SPI3;
 191:Core/Src/stm32f4xx_hal_msp.c ****     HAL_GPIO_Init(I2S3_WS_GPIO_Port, &GPIO_InitStruct);
 192:Core/Src/stm32f4xx_hal_msp.c **** 
 193:Core/Src/stm32f4xx_hal_msp.c ****     GPIO_InitStruct.Pin = I2S3_MCK_Pin|I2S3_SCK_Pin|I2S3_SD_Pin;
 194:Core/Src/stm32f4xx_hal_msp.c ****     GPIO_InitStruct.Mode = GPIO_MODE_AF_PP;
 195:Core/Src/stm32f4xx_hal_msp.c ****     GPIO_InitStruct.Pull = GPIO_NOPULL;
 196:Core/Src/stm32f4xx_hal_msp.c ****     GPIO_InitStruct.Speed = GPIO_SPEED_FREQ_LOW;
 197:Core/Src/stm32f4xx_hal_msp.c ****     GPIO_InitStruct.Alternate = GPIO_AF6_SPI3;
 198:Core/Src/stm32f4xx_hal_msp.c ****     HAL_GPIO_Init(GPIOC, &GPIO_InitStruct);
 199:Core/Src/stm32f4xx_hal_msp.c **** 
 200:Core/Src/stm32f4xx_hal_msp.c ****   /* USER CODE BEGIN SPI3_MspInit 1 */
 201:Core/Src/stm32f4xx_hal_msp.c **** 
 202:Core/Src/stm32f4xx_hal_msp.c ****   /* USER CODE END SPI3_MspInit 1 */
 203:Core/Src/stm32f4xx_hal_msp.c ****   }
 204:Core/Src/stm32f4xx_hal_msp.c **** 
 205:Core/Src/stm32f4xx_hal_msp.c **** }
 310              		.loc 1 205 1 view .LVU67
 311 001a 0CB0     		add	sp, sp, #48
 312              		.cfi_remember_state
 313              		.cfi_def_cfa_offset 16
 314              		@ sp needed
 315 001c 70BD     		pop	{r4, r5, r6, pc}
 316              	.LVL12:
 317              	.L24:
 318              		.cfi_restore_state
 167:Core/Src/stm32f4xx_hal_msp.c ****     PeriphClkInitStruct.PLLI2S.PLLI2SN = 192;
 319              		.loc 1 167 5 is_stmt 1 view .LVU68
 167:Core/Src/stm32f4xx_hal_msp.c ****     PeriphClkInitStruct.PLLI2S.PLLI2SN = 192;
 320              		.loc 1 167 46 is_stmt 0 view .LVU69
 321 001e 0123     		movs	r3, #1
 322 0020 0393     		str	r3, [sp, #12]
 168:Core/Src/stm32f4xx_hal_msp.c ****     PeriphClkInitStruct.PLLI2S.PLLI2SR = 2;
 323              		.loc 1 168 5 is_stmt 1 view .LVU70
 168:Core/Src/stm32f4xx_hal_msp.c ****     PeriphClkInitStruct.PLLI2S.PLLI2SR = 2;
 324              		.loc 1 168 40 is_stmt 0 view .LVU71
 325 0022 C023     		movs	r3, #192
 326 0024 0493     		str	r3, [sp, #16]
 169:Core/Src/stm32f4xx_hal_msp.c ****     if (HAL_RCCEx_PeriphCLKConfig(&PeriphClkInitStruct) != HAL_OK)
 327              		.loc 1 169 5 is_stmt 1 view .LVU72
 169:Core/Src/stm32f4xx_hal_msp.c ****     if (HAL_RCCEx_PeriphCLKConfig(&PeriphClkInitStruct) != HAL_OK)
 328              		.loc 1 169 40 is_stmt 0 view .LVU73
 329 0026 0223     		movs	r3, #2
 330 0028 0593     		str	r3, [sp, #20]
 170:Core/Src/stm32f4xx_hal_msp.c ****     {
 331              		.loc 1 170 5 is_stmt 1 view .LVU74
 170:Core/Src/stm32f4xx_hal_msp.c ****     {
 332              		.loc 1 170 9 is_stmt 0 view .LVU75
 333 002a 03A8     		add	r0, sp, #12
 334              	.LVL13:
 170:Core/Src/stm32f4xx_hal_msp.c ****     {
 335              		.loc 1 170 9 view .LVU76
 336 002c FFF7FEFF 		bl	HAL_RCCEx_PeriphCLKConfig
 337              	.LVL14:
 170:Core/Src/stm32f4xx_hal_msp.c ****     {
ARM GAS  /tmp/ccAoMlmu.s 			page 11


 338              		.loc 1 170 8 view .LVU77
 339 0030 0028     		cmp	r0, #0
 340 0032 37D1     		bne	.L25
 341              	.L22:
 176:Core/Src/stm32f4xx_hal_msp.c **** 
 342              		.loc 1 176 5 is_stmt 1 view .LVU78
 343              	.LBB6:
 176:Core/Src/stm32f4xx_hal_msp.c **** 
 344              		.loc 1 176 5 view .LVU79
 345 0034 0024     		movs	r4, #0
 346 0036 0094     		str	r4, [sp]
 176:Core/Src/stm32f4xx_hal_msp.c **** 
 347              		.loc 1 176 5 view .LVU80
 348 0038 1D4B     		ldr	r3, .L26+4
 349 003a 1A6C     		ldr	r2, [r3, #64]
 350 003c 42F40042 		orr	r2, r2, #32768
 351 0040 1A64     		str	r2, [r3, #64]
 176:Core/Src/stm32f4xx_hal_msp.c **** 
 352              		.loc 1 176 5 view .LVU81
 353 0042 1A6C     		ldr	r2, [r3, #64]
 354 0044 02F40042 		and	r2, r2, #32768
 355 0048 0092     		str	r2, [sp]
 176:Core/Src/stm32f4xx_hal_msp.c **** 
 356              		.loc 1 176 5 view .LVU82
 357 004a 009A     		ldr	r2, [sp]
 358              	.LBE6:
 176:Core/Src/stm32f4xx_hal_msp.c **** 
 359              		.loc 1 176 5 view .LVU83
 178:Core/Src/stm32f4xx_hal_msp.c ****     __HAL_RCC_GPIOC_CLK_ENABLE();
 360              		.loc 1 178 5 view .LVU84
 361              	.LBB7:
 178:Core/Src/stm32f4xx_hal_msp.c ****     __HAL_RCC_GPIOC_CLK_ENABLE();
 362              		.loc 1 178 5 view .LVU85
 363 004c 0194     		str	r4, [sp, #4]
 178:Core/Src/stm32f4xx_hal_msp.c ****     __HAL_RCC_GPIOC_CLK_ENABLE();
 364              		.loc 1 178 5 view .LVU86
 365 004e 1A6B     		ldr	r2, [r3, #48]
 366 0050 42F00102 		orr	r2, r2, #1
 367 0054 1A63     		str	r2, [r3, #48]
 178:Core/Src/stm32f4xx_hal_msp.c ****     __HAL_RCC_GPIOC_CLK_ENABLE();
 368              		.loc 1 178 5 view .LVU87
 369 0056 1A6B     		ldr	r2, [r3, #48]
 370 0058 02F00102 		and	r2, r2, #1
 371 005c 0192     		str	r2, [sp, #4]
 178:Core/Src/stm32f4xx_hal_msp.c ****     __HAL_RCC_GPIOC_CLK_ENABLE();
 372              		.loc 1 178 5 view .LVU88
 373 005e 019A     		ldr	r2, [sp, #4]
 374              	.LBE7:
 178:Core/Src/stm32f4xx_hal_msp.c ****     __HAL_RCC_GPIOC_CLK_ENABLE();
 375              		.loc 1 178 5 view .LVU89
 179:Core/Src/stm32f4xx_hal_msp.c ****     /**I2S3 GPIO Configuration
 376              		.loc 1 179 5 view .LVU90
 377              	.LBB8:
 179:Core/Src/stm32f4xx_hal_msp.c ****     /**I2S3 GPIO Configuration
 378              		.loc 1 179 5 view .LVU91
 379 0060 0294     		str	r4, [sp, #8]
 179:Core/Src/stm32f4xx_hal_msp.c ****     /**I2S3 GPIO Configuration
ARM GAS  /tmp/ccAoMlmu.s 			page 12


 380              		.loc 1 179 5 view .LVU92
 381 0062 1A6B     		ldr	r2, [r3, #48]
 382 0064 42F00402 		orr	r2, r2, #4
 383 0068 1A63     		str	r2, [r3, #48]
 179:Core/Src/stm32f4xx_hal_msp.c ****     /**I2S3 GPIO Configuration
 384              		.loc 1 179 5 view .LVU93
 385 006a 1B6B     		ldr	r3, [r3, #48]
 386 006c 03F00403 		and	r3, r3, #4
 387 0070 0293     		str	r3, [sp, #8]
 179:Core/Src/stm32f4xx_hal_msp.c ****     /**I2S3 GPIO Configuration
 388              		.loc 1 179 5 view .LVU94
 389 0072 029B     		ldr	r3, [sp, #8]
 390              	.LBE8:
 179:Core/Src/stm32f4xx_hal_msp.c ****     /**I2S3 GPIO Configuration
 391              		.loc 1 179 5 view .LVU95
 186:Core/Src/stm32f4xx_hal_msp.c ****     GPIO_InitStruct.Mode = GPIO_MODE_AF_PP;
 392              		.loc 1 186 5 view .LVU96
 186:Core/Src/stm32f4xx_hal_msp.c ****     GPIO_InitStruct.Mode = GPIO_MODE_AF_PP;
 393              		.loc 1 186 25 is_stmt 0 view .LVU97
 394 0074 1023     		movs	r3, #16
 395 0076 0793     		str	r3, [sp, #28]
 187:Core/Src/stm32f4xx_hal_msp.c ****     GPIO_InitStruct.Pull = GPIO_NOPULL;
 396              		.loc 1 187 5 is_stmt 1 view .LVU98
 187:Core/Src/stm32f4xx_hal_msp.c ****     GPIO_InitStruct.Pull = GPIO_NOPULL;
 397              		.loc 1 187 26 is_stmt 0 view .LVU99
 398 0078 0226     		movs	r6, #2
 399 007a 0896     		str	r6, [sp, #32]
 188:Core/Src/stm32f4xx_hal_msp.c ****     GPIO_InitStruct.Speed = GPIO_SPEED_FREQ_LOW;
 400              		.loc 1 188 5 is_stmt 1 view .LVU100
 188:Core/Src/stm32f4xx_hal_msp.c ****     GPIO_InitStruct.Speed = GPIO_SPEED_FREQ_LOW;
 401              		.loc 1 188 26 is_stmt 0 view .LVU101
 402 007c 0994     		str	r4, [sp, #36]
 189:Core/Src/stm32f4xx_hal_msp.c ****     GPIO_InitStruct.Alternate = GPIO_AF6_SPI3;
 403              		.loc 1 189 5 is_stmt 1 view .LVU102
 189:Core/Src/stm32f4xx_hal_msp.c ****     GPIO_InitStruct.Alternate = GPIO_AF6_SPI3;
 404              		.loc 1 189 27 is_stmt 0 view .LVU103
 405 007e 0A94     		str	r4, [sp, #40]
 190:Core/Src/stm32f4xx_hal_msp.c ****     HAL_GPIO_Init(I2S3_WS_GPIO_Port, &GPIO_InitStruct);
 406              		.loc 1 190 5 is_stmt 1 view .LVU104
 190:Core/Src/stm32f4xx_hal_msp.c ****     HAL_GPIO_Init(I2S3_WS_GPIO_Port, &GPIO_InitStruct);
 407              		.loc 1 190 31 is_stmt 0 view .LVU105
 408 0080 0625     		movs	r5, #6
 409 0082 0B95     		str	r5, [sp, #44]
 191:Core/Src/stm32f4xx_hal_msp.c **** 
 410              		.loc 1 191 5 is_stmt 1 view .LVU106
 411 0084 07A9     		add	r1, sp, #28
 412 0086 0B48     		ldr	r0, .L26+8
 413 0088 FFF7FEFF 		bl	HAL_GPIO_Init
 414              	.LVL15:
 193:Core/Src/stm32f4xx_hal_msp.c ****     GPIO_InitStruct.Mode = GPIO_MODE_AF_PP;
 415              		.loc 1 193 5 view .LVU107
 193:Core/Src/stm32f4xx_hal_msp.c ****     GPIO_InitStruct.Mode = GPIO_MODE_AF_PP;
 416              		.loc 1 193 25 is_stmt 0 view .LVU108
 417 008c 4FF4A453 		mov	r3, #5248
 418 0090 0793     		str	r3, [sp, #28]
 194:Core/Src/stm32f4xx_hal_msp.c ****     GPIO_InitStruct.Pull = GPIO_NOPULL;
 419              		.loc 1 194 5 is_stmt 1 view .LVU109
ARM GAS  /tmp/ccAoMlmu.s 			page 13


 194:Core/Src/stm32f4xx_hal_msp.c ****     GPIO_InitStruct.Pull = GPIO_NOPULL;
 420              		.loc 1 194 26 is_stmt 0 view .LVU110
 421 0092 0896     		str	r6, [sp, #32]
 195:Core/Src/stm32f4xx_hal_msp.c ****     GPIO_InitStruct.Speed = GPIO_SPEED_FREQ_LOW;
 422              		.loc 1 195 5 is_stmt 1 view .LVU111
 195:Core/Src/stm32f4xx_hal_msp.c ****     GPIO_InitStruct.Speed = GPIO_SPEED_FREQ_LOW;
 423              		.loc 1 195 26 is_stmt 0 view .LVU112
 424 0094 0994     		str	r4, [sp, #36]
 196:Core/Src/stm32f4xx_hal_msp.c ****     GPIO_InitStruct.Alternate = GPIO_AF6_SPI3;
 425              		.loc 1 196 5 is_stmt 1 view .LVU113
 196:Core/Src/stm32f4xx_hal_msp.c ****     GPIO_InitStruct.Alternate = GPIO_AF6_SPI3;
 426              		.loc 1 196 27 is_stmt 0 view .LVU114
 427 0096 0A94     		str	r4, [sp, #40]
 197:Core/Src/stm32f4xx_hal_msp.c ****     HAL_GPIO_Init(GPIOC, &GPIO_InitStruct);
 428              		.loc 1 197 5 is_stmt 1 view .LVU115
 197:Core/Src/stm32f4xx_hal_msp.c ****     HAL_GPIO_Init(GPIOC, &GPIO_InitStruct);
 429              		.loc 1 197 31 is_stmt 0 view .LVU116
 430 0098 0B95     		str	r5, [sp, #44]
 198:Core/Src/stm32f4xx_hal_msp.c **** 
 431              		.loc 1 198 5 is_stmt 1 view .LVU117
 432 009a 07A9     		add	r1, sp, #28
 433 009c 0648     		ldr	r0, .L26+12
 434 009e FFF7FEFF 		bl	HAL_GPIO_Init
 435              	.LVL16:
 436              		.loc 1 205 1 is_stmt 0 view .LVU118
 437 00a2 BAE7     		b	.L20
 438              	.L25:
 172:Core/Src/stm32f4xx_hal_msp.c ****     }
 439              		.loc 1 172 7 is_stmt 1 view .LVU119
 440 00a4 FFF7FEFF 		bl	Error_Handler
 441              	.LVL17:
 442 00a8 C4E7     		b	.L22
 443              	.L27:
 444 00aa 00BF     		.align	2
 445              	.L26:
 446 00ac 003C0040 		.word	1073757184
 447 00b0 00380240 		.word	1073887232
 448 00b4 00000240 		.word	1073872896
 449 00b8 00080240 		.word	1073874944
 450              		.cfi_endproc
 451              	.LFE133:
 453              		.section	.text.HAL_I2S_MspDeInit,"ax",%progbits
 454              		.align	1
 455              		.global	HAL_I2S_MspDeInit
 456              		.syntax unified
 457              		.thumb
 458              		.thumb_func
 459              		.fpu fpv4-sp-d16
 461              	HAL_I2S_MspDeInit:
 462              	.LVL18:
 463              	.LFB134:
 206:Core/Src/stm32f4xx_hal_msp.c **** 
 207:Core/Src/stm32f4xx_hal_msp.c **** /**
 208:Core/Src/stm32f4xx_hal_msp.c **** * @brief I2S MSP De-Initialization
 209:Core/Src/stm32f4xx_hal_msp.c **** * This function freeze the hardware resources used in this example
 210:Core/Src/stm32f4xx_hal_msp.c **** * @param hi2s: I2S handle pointer
 211:Core/Src/stm32f4xx_hal_msp.c **** * @retval None
ARM GAS  /tmp/ccAoMlmu.s 			page 14


 212:Core/Src/stm32f4xx_hal_msp.c **** */
 213:Core/Src/stm32f4xx_hal_msp.c **** void HAL_I2S_MspDeInit(I2S_HandleTypeDef* hi2s)
 214:Core/Src/stm32f4xx_hal_msp.c **** {
 464              		.loc 1 214 1 view -0
 465              		.cfi_startproc
 466              		@ args = 0, pretend = 0, frame = 0
 467              		@ frame_needed = 0, uses_anonymous_args = 0
 468              		.loc 1 214 1 is_stmt 0 view .LVU121
 469 0000 08B5     		push	{r3, lr}
 470              		.cfi_def_cfa_offset 8
 471              		.cfi_offset 3, -8
 472              		.cfi_offset 14, -4
 215:Core/Src/stm32f4xx_hal_msp.c ****   if(hi2s->Instance==SPI3)
 473              		.loc 1 215 3 is_stmt 1 view .LVU122
 474              		.loc 1 215 10 is_stmt 0 view .LVU123
 475 0002 0268     		ldr	r2, [r0]
 476              		.loc 1 215 5 view .LVU124
 477 0004 094B     		ldr	r3, .L32
 478 0006 9A42     		cmp	r2, r3
 479 0008 00D0     		beq	.L31
 480              	.LVL19:
 481              	.L28:
 216:Core/Src/stm32f4xx_hal_msp.c ****   {
 217:Core/Src/stm32f4xx_hal_msp.c ****   /* USER CODE BEGIN SPI3_MspDeInit 0 */
 218:Core/Src/stm32f4xx_hal_msp.c **** 
 219:Core/Src/stm32f4xx_hal_msp.c ****   /* USER CODE END SPI3_MspDeInit 0 */
 220:Core/Src/stm32f4xx_hal_msp.c ****     /* Peripheral clock disable */
 221:Core/Src/stm32f4xx_hal_msp.c ****     __HAL_RCC_SPI3_CLK_DISABLE();
 222:Core/Src/stm32f4xx_hal_msp.c **** 
 223:Core/Src/stm32f4xx_hal_msp.c ****     /**I2S3 GPIO Configuration
 224:Core/Src/stm32f4xx_hal_msp.c ****     PA4     ------> I2S3_WS
 225:Core/Src/stm32f4xx_hal_msp.c ****     PC7     ------> I2S3_MCK
 226:Core/Src/stm32f4xx_hal_msp.c ****     PC10     ------> I2S3_CK
 227:Core/Src/stm32f4xx_hal_msp.c ****     PC12     ------> I2S3_SD
 228:Core/Src/stm32f4xx_hal_msp.c ****     */
 229:Core/Src/stm32f4xx_hal_msp.c ****     HAL_GPIO_DeInit(I2S3_WS_GPIO_Port, I2S3_WS_Pin);
 230:Core/Src/stm32f4xx_hal_msp.c **** 
 231:Core/Src/stm32f4xx_hal_msp.c ****     HAL_GPIO_DeInit(GPIOC, I2S3_MCK_Pin|I2S3_SCK_Pin|I2S3_SD_Pin);
 232:Core/Src/stm32f4xx_hal_msp.c **** 
 233:Core/Src/stm32f4xx_hal_msp.c ****   /* USER CODE BEGIN SPI3_MspDeInit 1 */
 234:Core/Src/stm32f4xx_hal_msp.c **** 
 235:Core/Src/stm32f4xx_hal_msp.c ****   /* USER CODE END SPI3_MspDeInit 1 */
 236:Core/Src/stm32f4xx_hal_msp.c ****   }
 237:Core/Src/stm32f4xx_hal_msp.c **** 
 238:Core/Src/stm32f4xx_hal_msp.c **** }
 482              		.loc 1 238 1 view .LVU125
 483 000a 08BD     		pop	{r3, pc}
 484              	.LVL20:
 485              	.L31:
 221:Core/Src/stm32f4xx_hal_msp.c **** 
 486              		.loc 1 221 5 is_stmt 1 view .LVU126
 487 000c 084A     		ldr	r2, .L32+4
 488 000e 136C     		ldr	r3, [r2, #64]
 489 0010 23F40043 		bic	r3, r3, #32768
 490 0014 1364     		str	r3, [r2, #64]
 229:Core/Src/stm32f4xx_hal_msp.c **** 
 491              		.loc 1 229 5 view .LVU127
ARM GAS  /tmp/ccAoMlmu.s 			page 15


 492 0016 1021     		movs	r1, #16
 493 0018 0648     		ldr	r0, .L32+8
 494              	.LVL21:
 229:Core/Src/stm32f4xx_hal_msp.c **** 
 495              		.loc 1 229 5 is_stmt 0 view .LVU128
 496 001a FFF7FEFF 		bl	HAL_GPIO_DeInit
 497              	.LVL22:
 231:Core/Src/stm32f4xx_hal_msp.c **** 
 498              		.loc 1 231 5 is_stmt 1 view .LVU129
 499 001e 4FF4A451 		mov	r1, #5248
 500 0022 0548     		ldr	r0, .L32+12
 501 0024 FFF7FEFF 		bl	HAL_GPIO_DeInit
 502              	.LVL23:
 503              		.loc 1 238 1 is_stmt 0 view .LVU130
 504 0028 EFE7     		b	.L28
 505              	.L33:
 506 002a 00BF     		.align	2
 507              	.L32:
 508 002c 003C0040 		.word	1073757184
 509 0030 00380240 		.word	1073887232
 510 0034 00000240 		.word	1073872896
 511 0038 00080240 		.word	1073874944
 512              		.cfi_endproc
 513              	.LFE134:
 515              		.section	.text.HAL_SPI_MspInit,"ax",%progbits
 516              		.align	1
 517              		.global	HAL_SPI_MspInit
 518              		.syntax unified
 519              		.thumb
 520              		.thumb_func
 521              		.fpu fpv4-sp-d16
 523              	HAL_SPI_MspInit:
 524              	.LVL24:
 525              	.LFB135:
 239:Core/Src/stm32f4xx_hal_msp.c **** 
 240:Core/Src/stm32f4xx_hal_msp.c **** /**
 241:Core/Src/stm32f4xx_hal_msp.c **** * @brief SPI MSP Initialization
 242:Core/Src/stm32f4xx_hal_msp.c **** * This function configures the hardware resources used in this example
 243:Core/Src/stm32f4xx_hal_msp.c **** * @param hspi: SPI handle pointer
 244:Core/Src/stm32f4xx_hal_msp.c **** * @retval None
 245:Core/Src/stm32f4xx_hal_msp.c **** */
 246:Core/Src/stm32f4xx_hal_msp.c **** void HAL_SPI_MspInit(SPI_HandleTypeDef* hspi)
 247:Core/Src/stm32f4xx_hal_msp.c **** {
 526              		.loc 1 247 1 is_stmt 1 view -0
 527              		.cfi_startproc
 528              		@ args = 0, pretend = 0, frame = 32
 529              		@ frame_needed = 0, uses_anonymous_args = 0
 530              		.loc 1 247 1 is_stmt 0 view .LVU132
 531 0000 00B5     		push	{lr}
 532              		.cfi_def_cfa_offset 4
 533              		.cfi_offset 14, -4
 534 0002 89B0     		sub	sp, sp, #36
 535              		.cfi_def_cfa_offset 40
 248:Core/Src/stm32f4xx_hal_msp.c ****   GPIO_InitTypeDef GPIO_InitStruct = {0};
 536              		.loc 1 248 3 is_stmt 1 view .LVU133
 537              		.loc 1 248 20 is_stmt 0 view .LVU134
 538 0004 0023     		movs	r3, #0
ARM GAS  /tmp/ccAoMlmu.s 			page 16


 539 0006 0393     		str	r3, [sp, #12]
 540 0008 0493     		str	r3, [sp, #16]
 541 000a 0593     		str	r3, [sp, #20]
 542 000c 0693     		str	r3, [sp, #24]
 543 000e 0793     		str	r3, [sp, #28]
 249:Core/Src/stm32f4xx_hal_msp.c ****   if(hspi->Instance==SPI1)
 544              		.loc 1 249 3 is_stmt 1 view .LVU135
 545              		.loc 1 249 10 is_stmt 0 view .LVU136
 546 0010 0268     		ldr	r2, [r0]
 547              		.loc 1 249 5 view .LVU137
 548 0012 154B     		ldr	r3, .L38
 549 0014 9A42     		cmp	r2, r3
 550 0016 02D0     		beq	.L37
 551              	.LVL25:
 552              	.L34:
 250:Core/Src/stm32f4xx_hal_msp.c ****   {
 251:Core/Src/stm32f4xx_hal_msp.c ****   /* USER CODE BEGIN SPI1_MspInit 0 */
 252:Core/Src/stm32f4xx_hal_msp.c **** 
 253:Core/Src/stm32f4xx_hal_msp.c ****   /* USER CODE END SPI1_MspInit 0 */
 254:Core/Src/stm32f4xx_hal_msp.c ****     /* Peripheral clock enable */
 255:Core/Src/stm32f4xx_hal_msp.c ****     __HAL_RCC_SPI1_CLK_ENABLE();
 256:Core/Src/stm32f4xx_hal_msp.c **** 
 257:Core/Src/stm32f4xx_hal_msp.c ****     __HAL_RCC_GPIOA_CLK_ENABLE();
 258:Core/Src/stm32f4xx_hal_msp.c ****     /**SPI1 GPIO Configuration
 259:Core/Src/stm32f4xx_hal_msp.c ****     PA5     ------> SPI1_SCK
 260:Core/Src/stm32f4xx_hal_msp.c ****     PA6     ------> SPI1_MISO
 261:Core/Src/stm32f4xx_hal_msp.c ****     PA7     ------> SPI1_MOSI
 262:Core/Src/stm32f4xx_hal_msp.c ****     */
 263:Core/Src/stm32f4xx_hal_msp.c ****     GPIO_InitStruct.Pin = SPI1_SCK_Pin|SPI1_MISO_Pin|SPI1_MOSI_Pin;
 264:Core/Src/stm32f4xx_hal_msp.c ****     GPIO_InitStruct.Mode = GPIO_MODE_AF_PP;
 265:Core/Src/stm32f4xx_hal_msp.c ****     GPIO_InitStruct.Pull = GPIO_NOPULL;
 266:Core/Src/stm32f4xx_hal_msp.c ****     GPIO_InitStruct.Speed = GPIO_SPEED_FREQ_LOW;
 267:Core/Src/stm32f4xx_hal_msp.c ****     GPIO_InitStruct.Alternate = GPIO_AF5_SPI1;
 268:Core/Src/stm32f4xx_hal_msp.c ****     HAL_GPIO_Init(GPIOA, &GPIO_InitStruct);
 269:Core/Src/stm32f4xx_hal_msp.c **** 
 270:Core/Src/stm32f4xx_hal_msp.c ****   /* USER CODE BEGIN SPI1_MspInit 1 */
 271:Core/Src/stm32f4xx_hal_msp.c **** 
 272:Core/Src/stm32f4xx_hal_msp.c ****   /* USER CODE END SPI1_MspInit 1 */
 273:Core/Src/stm32f4xx_hal_msp.c ****   }
 274:Core/Src/stm32f4xx_hal_msp.c **** 
 275:Core/Src/stm32f4xx_hal_msp.c **** }
 553              		.loc 1 275 1 view .LVU138
 554 0018 09B0     		add	sp, sp, #36
 555              		.cfi_remember_state
 556              		.cfi_def_cfa_offset 4
 557              		@ sp needed
 558 001a 5DF804FB 		ldr	pc, [sp], #4
 559              	.LVL26:
 560              	.L37:
 561              		.cfi_restore_state
 255:Core/Src/stm32f4xx_hal_msp.c **** 
 562              		.loc 1 255 5 is_stmt 1 view .LVU139
 563              	.LBB9:
 255:Core/Src/stm32f4xx_hal_msp.c **** 
 564              		.loc 1 255 5 view .LVU140
 565 001e 0022     		movs	r2, #0
 566 0020 0192     		str	r2, [sp, #4]
ARM GAS  /tmp/ccAoMlmu.s 			page 17


 255:Core/Src/stm32f4xx_hal_msp.c **** 
 567              		.loc 1 255 5 view .LVU141
 568 0022 03F58433 		add	r3, r3, #67584
 569 0026 596C     		ldr	r1, [r3, #68]
 570 0028 41F48051 		orr	r1, r1, #4096
 571 002c 5964     		str	r1, [r3, #68]
 255:Core/Src/stm32f4xx_hal_msp.c **** 
 572              		.loc 1 255 5 view .LVU142
 573 002e 596C     		ldr	r1, [r3, #68]
 574 0030 01F48051 		and	r1, r1, #4096
 575 0034 0191     		str	r1, [sp, #4]
 255:Core/Src/stm32f4xx_hal_msp.c **** 
 576              		.loc 1 255 5 view .LVU143
 577 0036 0199     		ldr	r1, [sp, #4]
 578              	.LBE9:
 255:Core/Src/stm32f4xx_hal_msp.c **** 
 579              		.loc 1 255 5 view .LVU144
 257:Core/Src/stm32f4xx_hal_msp.c ****     /**SPI1 GPIO Configuration
 580              		.loc 1 257 5 view .LVU145
 581              	.LBB10:
 257:Core/Src/stm32f4xx_hal_msp.c ****     /**SPI1 GPIO Configuration
 582              		.loc 1 257 5 view .LVU146
 583 0038 0292     		str	r2, [sp, #8]
 257:Core/Src/stm32f4xx_hal_msp.c ****     /**SPI1 GPIO Configuration
 584              		.loc 1 257 5 view .LVU147
 585 003a 196B     		ldr	r1, [r3, #48]
 586 003c 41F00101 		orr	r1, r1, #1
 587 0040 1963     		str	r1, [r3, #48]
 257:Core/Src/stm32f4xx_hal_msp.c ****     /**SPI1 GPIO Configuration
 588              		.loc 1 257 5 view .LVU148
 589 0042 1B6B     		ldr	r3, [r3, #48]
 590 0044 03F00103 		and	r3, r3, #1
 591 0048 0293     		str	r3, [sp, #8]
 257:Core/Src/stm32f4xx_hal_msp.c ****     /**SPI1 GPIO Configuration
 592              		.loc 1 257 5 view .LVU149
 593 004a 029B     		ldr	r3, [sp, #8]
 594              	.LBE10:
 257:Core/Src/stm32f4xx_hal_msp.c ****     /**SPI1 GPIO Configuration
 595              		.loc 1 257 5 view .LVU150
 263:Core/Src/stm32f4xx_hal_msp.c ****     GPIO_InitStruct.Mode = GPIO_MODE_AF_PP;
 596              		.loc 1 263 5 view .LVU151
 263:Core/Src/stm32f4xx_hal_msp.c ****     GPIO_InitStruct.Mode = GPIO_MODE_AF_PP;
 597              		.loc 1 263 25 is_stmt 0 view .LVU152
 598 004c E023     		movs	r3, #224
 599 004e 0393     		str	r3, [sp, #12]
 264:Core/Src/stm32f4xx_hal_msp.c ****     GPIO_InitStruct.Pull = GPIO_NOPULL;
 600              		.loc 1 264 5 is_stmt 1 view .LVU153
 264:Core/Src/stm32f4xx_hal_msp.c ****     GPIO_InitStruct.Pull = GPIO_NOPULL;
 601              		.loc 1 264 26 is_stmt 0 view .LVU154
 602 0050 0223     		movs	r3, #2
 603 0052 0493     		str	r3, [sp, #16]
 265:Core/Src/stm32f4xx_hal_msp.c ****     GPIO_InitStruct.Speed = GPIO_SPEED_FREQ_LOW;
 604              		.loc 1 265 5 is_stmt 1 view .LVU155
 265:Core/Src/stm32f4xx_hal_msp.c ****     GPIO_InitStruct.Speed = GPIO_SPEED_FREQ_LOW;
 605              		.loc 1 265 26 is_stmt 0 view .LVU156
 606 0054 0592     		str	r2, [sp, #20]
 266:Core/Src/stm32f4xx_hal_msp.c ****     GPIO_InitStruct.Alternate = GPIO_AF5_SPI1;
ARM GAS  /tmp/ccAoMlmu.s 			page 18


 607              		.loc 1 266 5 is_stmt 1 view .LVU157
 266:Core/Src/stm32f4xx_hal_msp.c ****     GPIO_InitStruct.Alternate = GPIO_AF5_SPI1;
 608              		.loc 1 266 27 is_stmt 0 view .LVU158
 609 0056 0692     		str	r2, [sp, #24]
 267:Core/Src/stm32f4xx_hal_msp.c ****     HAL_GPIO_Init(GPIOA, &GPIO_InitStruct);
 610              		.loc 1 267 5 is_stmt 1 view .LVU159
 267:Core/Src/stm32f4xx_hal_msp.c ****     HAL_GPIO_Init(GPIOA, &GPIO_InitStruct);
 611              		.loc 1 267 31 is_stmt 0 view .LVU160
 612 0058 0523     		movs	r3, #5
 613 005a 0793     		str	r3, [sp, #28]
 268:Core/Src/stm32f4xx_hal_msp.c **** 
 614              		.loc 1 268 5 is_stmt 1 view .LVU161
 615 005c 03A9     		add	r1, sp, #12
 616 005e 0348     		ldr	r0, .L38+4
 617              	.LVL27:
 268:Core/Src/stm32f4xx_hal_msp.c **** 
 618              		.loc 1 268 5 is_stmt 0 view .LVU162
 619 0060 FFF7FEFF 		bl	HAL_GPIO_Init
 620              	.LVL28:
 621              		.loc 1 275 1 view .LVU163
 622 0064 D8E7     		b	.L34
 623              	.L39:
 624 0066 00BF     		.align	2
 625              	.L38:
 626 0068 00300140 		.word	1073819648
 627 006c 00000240 		.word	1073872896
 628              		.cfi_endproc
 629              	.LFE135:
 631              		.section	.text.HAL_SPI_MspDeInit,"ax",%progbits
 632              		.align	1
 633              		.global	HAL_SPI_MspDeInit
 634              		.syntax unified
 635              		.thumb
 636              		.thumb_func
 637              		.fpu fpv4-sp-d16
 639              	HAL_SPI_MspDeInit:
 640              	.LVL29:
 641              	.LFB136:
 276:Core/Src/stm32f4xx_hal_msp.c **** 
 277:Core/Src/stm32f4xx_hal_msp.c **** /**
 278:Core/Src/stm32f4xx_hal_msp.c **** * @brief SPI MSP De-Initialization
 279:Core/Src/stm32f4xx_hal_msp.c **** * This function freeze the hardware resources used in this example
 280:Core/Src/stm32f4xx_hal_msp.c **** * @param hspi: SPI handle pointer
 281:Core/Src/stm32f4xx_hal_msp.c **** * @retval None
 282:Core/Src/stm32f4xx_hal_msp.c **** */
 283:Core/Src/stm32f4xx_hal_msp.c **** void HAL_SPI_MspDeInit(SPI_HandleTypeDef* hspi)
 284:Core/Src/stm32f4xx_hal_msp.c **** {
 642              		.loc 1 284 1 is_stmt 1 view -0
 643              		.cfi_startproc
 644              		@ args = 0, pretend = 0, frame = 0
 645              		@ frame_needed = 0, uses_anonymous_args = 0
 646              		.loc 1 284 1 is_stmt 0 view .LVU165
 647 0000 08B5     		push	{r3, lr}
 648              		.cfi_def_cfa_offset 8
 649              		.cfi_offset 3, -8
 650              		.cfi_offset 14, -4
 285:Core/Src/stm32f4xx_hal_msp.c ****   if(hspi->Instance==SPI1)
ARM GAS  /tmp/ccAoMlmu.s 			page 19


 651              		.loc 1 285 3 is_stmt 1 view .LVU166
 652              		.loc 1 285 10 is_stmt 0 view .LVU167
 653 0002 0268     		ldr	r2, [r0]
 654              		.loc 1 285 5 view .LVU168
 655 0004 064B     		ldr	r3, .L44
 656 0006 9A42     		cmp	r2, r3
 657 0008 00D0     		beq	.L43
 658              	.LVL30:
 659              	.L40:
 286:Core/Src/stm32f4xx_hal_msp.c ****   {
 287:Core/Src/stm32f4xx_hal_msp.c ****   /* USER CODE BEGIN SPI1_MspDeInit 0 */
 288:Core/Src/stm32f4xx_hal_msp.c **** 
 289:Core/Src/stm32f4xx_hal_msp.c ****   /* USER CODE END SPI1_MspDeInit 0 */
 290:Core/Src/stm32f4xx_hal_msp.c ****     /* Peripheral clock disable */
 291:Core/Src/stm32f4xx_hal_msp.c ****     __HAL_RCC_SPI1_CLK_DISABLE();
 292:Core/Src/stm32f4xx_hal_msp.c **** 
 293:Core/Src/stm32f4xx_hal_msp.c ****     /**SPI1 GPIO Configuration
 294:Core/Src/stm32f4xx_hal_msp.c ****     PA5     ------> SPI1_SCK
 295:Core/Src/stm32f4xx_hal_msp.c ****     PA6     ------> SPI1_MISO
 296:Core/Src/stm32f4xx_hal_msp.c ****     PA7     ------> SPI1_MOSI
 297:Core/Src/stm32f4xx_hal_msp.c ****     */
 298:Core/Src/stm32f4xx_hal_msp.c ****     HAL_GPIO_DeInit(GPIOA, SPI1_SCK_Pin|SPI1_MISO_Pin|SPI1_MOSI_Pin);
 299:Core/Src/stm32f4xx_hal_msp.c **** 
 300:Core/Src/stm32f4xx_hal_msp.c ****   /* USER CODE BEGIN SPI1_MspDeInit 1 */
 301:Core/Src/stm32f4xx_hal_msp.c **** 
 302:Core/Src/stm32f4xx_hal_msp.c ****   /* USER CODE END SPI1_MspDeInit 1 */
 303:Core/Src/stm32f4xx_hal_msp.c ****   }
 304:Core/Src/stm32f4xx_hal_msp.c **** 
 305:Core/Src/stm32f4xx_hal_msp.c **** }
 660              		.loc 1 305 1 view .LVU169
 661 000a 08BD     		pop	{r3, pc}
 662              	.LVL31:
 663              	.L43:
 291:Core/Src/stm32f4xx_hal_msp.c **** 
 664              		.loc 1 291 5 is_stmt 1 view .LVU170
 665 000c 054A     		ldr	r2, .L44+4
 666 000e 536C     		ldr	r3, [r2, #68]
 667 0010 23F48053 		bic	r3, r3, #4096
 668 0014 5364     		str	r3, [r2, #68]
 298:Core/Src/stm32f4xx_hal_msp.c **** 
 669              		.loc 1 298 5 view .LVU171
 670 0016 E021     		movs	r1, #224
 671 0018 0348     		ldr	r0, .L44+8
 672              	.LVL32:
 298:Core/Src/stm32f4xx_hal_msp.c **** 
 673              		.loc 1 298 5 is_stmt 0 view .LVU172
 674 001a FFF7FEFF 		bl	HAL_GPIO_DeInit
 675              	.LVL33:
 676              		.loc 1 305 1 view .LVU173
 677 001e F4E7     		b	.L40
 678              	.L45:
 679              		.align	2
 680              	.L44:
 681 0020 00300140 		.word	1073819648
 682 0024 00380240 		.word	1073887232
 683 0028 00000240 		.word	1073872896
 684              		.cfi_endproc
ARM GAS  /tmp/ccAoMlmu.s 			page 20


 685              	.LFE136:
 687              		.text
 688              	.Letext0:
 689              		.file 2 "/usr/lib/gcc/arm-none-eabi/9.2.1/include/stdint.h"
 690              		.file 3 "Drivers/CMSIS/Include/core_cm4.h"
 691              		.file 4 "Drivers/CMSIS/Device/ST/STM32F4xx/Include/system_stm32f4xx.h"
 692              		.file 5 "Drivers/CMSIS/Device/ST/STM32F4xx/Include/stm32f407xx.h"
 693              		.file 6 "Drivers/STM32F4xx_HAL_Driver/Inc/stm32f4xx_hal_def.h"
 694              		.file 7 "Drivers/STM32F4xx_HAL_Driver/Inc/stm32f4xx_hal_rcc_ex.h"
 695              		.file 8 "Drivers/STM32F4xx_HAL_Driver/Inc/stm32f4xx_hal_gpio.h"
 696              		.file 9 "Drivers/STM32F4xx_HAL_Driver/Inc/stm32f4xx_hal_dma.h"
 697              		.file 10 "Drivers/STM32F4xx_HAL_Driver/Inc/stm32f4xx_hal_i2c.h"
 698              		.file 11 "Drivers/STM32F4xx_HAL_Driver/Inc/stm32f4xx_hal_i2s.h"
 699              		.file 12 "Drivers/STM32F4xx_HAL_Driver/Inc/stm32f4xx_hal_spi.h"
 700              		.file 13 "Drivers/STM32F4xx_HAL_Driver/Inc/stm32f4xx_hal.h"
 701              		.file 14 "Core/Inc/main.h"
 702              		.file 15 "Drivers/STM32F4xx_HAL_Driver/Inc/stm32f4xx_hal_cortex.h"
ARM GAS  /tmp/ccAoMlmu.s 			page 21


DEFINED SYMBOLS
                            *ABS*:0000000000000000 stm32f4xx_hal_msp.c
     /tmp/ccAoMlmu.s:18     .text.HAL_MspInit:0000000000000000 $t
     /tmp/ccAoMlmu.s:26     .text.HAL_MspInit:0000000000000000 HAL_MspInit
     /tmp/ccAoMlmu.s:84     .text.HAL_MspInit:000000000000003c $d
     /tmp/ccAoMlmu.s:89     .text.HAL_I2C_MspInit:0000000000000000 $t
     /tmp/ccAoMlmu.s:96     .text.HAL_I2C_MspInit:0000000000000000 HAL_I2C_MspInit
     /tmp/ccAoMlmu.s:202    .text.HAL_I2C_MspInit:0000000000000068 $d
     /tmp/ccAoMlmu.s:209    .text.HAL_I2C_MspDeInit:0000000000000000 $t
     /tmp/ccAoMlmu.s:216    .text.HAL_I2C_MspDeInit:0000000000000000 HAL_I2C_MspDeInit
     /tmp/ccAoMlmu.s:260    .text.HAL_I2C_MspDeInit:000000000000002c $d
     /tmp/ccAoMlmu.s:267    .text.HAL_I2S_MspInit:0000000000000000 $t
     /tmp/ccAoMlmu.s:274    .text.HAL_I2S_MspInit:0000000000000000 HAL_I2S_MspInit
     /tmp/ccAoMlmu.s:446    .text.HAL_I2S_MspInit:00000000000000ac $d
     /tmp/ccAoMlmu.s:454    .text.HAL_I2S_MspDeInit:0000000000000000 $t
     /tmp/ccAoMlmu.s:461    .text.HAL_I2S_MspDeInit:0000000000000000 HAL_I2S_MspDeInit
     /tmp/ccAoMlmu.s:508    .text.HAL_I2S_MspDeInit:000000000000002c $d
     /tmp/ccAoMlmu.s:516    .text.HAL_SPI_MspInit:0000000000000000 $t
     /tmp/ccAoMlmu.s:523    .text.HAL_SPI_MspInit:0000000000000000 HAL_SPI_MspInit
     /tmp/ccAoMlmu.s:626    .text.HAL_SPI_MspInit:0000000000000068 $d
     /tmp/ccAoMlmu.s:632    .text.HAL_SPI_MspDeInit:0000000000000000 $t
     /tmp/ccAoMlmu.s:639    .text.HAL_SPI_MspDeInit:0000000000000000 HAL_SPI_MspDeInit
     /tmp/ccAoMlmu.s:681    .text.HAL_SPI_MspDeInit:0000000000000020 $d

UNDEFINED SYMBOLS
HAL_NVIC_SetPriorityGrouping
HAL_GPIO_Init
HAL_GPIO_DeInit
HAL_RCCEx_PeriphCLKConfig
Error_Handler
