ARM GAS  /tmp/ccuMEBgz.s 			page 1


   1              		.cpu cortex-m4
   2              		.eabi_attribute 27, 1
   3              		.eabi_attribute 28, 1
   4              		.eabi_attribute 20, 1
   5              		.eabi_attribute 21, 1
   6              		.eabi_attribute 23, 3
   7              		.eabi_attribute 24, 1
   8              		.eabi_attribute 25, 1
   9              		.eabi_attribute 26, 1
  10              		.eabi_attribute 30, 1
  11              		.eabi_attribute 34, 1
  12              		.eabi_attribute 18, 4
  13              		.file	"usbh_ioreq.c"
  14              		.text
  15              	.Ltext0:
  16              		.cfi_sections	.debug_frame
  17              		.section	.text.USBH_CtlSendSetup,"ax",%progbits
  18              		.align	1
  19              		.global	USBH_CtlSendSetup
  20              		.arch armv7e-m
  21              		.syntax unified
  22              		.thumb
  23              		.thumb_func
  24              		.fpu fpv4-sp-d16
  26              	USBH_CtlSendSetup:
  27              	.LVL0:
  28              	.LFB133:
  29              		.file 1 "Middlewares/ST/STM32_USB_Host_Library/Core/Src/usbh_ioreq.c"
   1:Middlewares/ST/STM32_USB_Host_Library/Core/Src/usbh_ioreq.c **** /**
   2:Middlewares/ST/STM32_USB_Host_Library/Core/Src/usbh_ioreq.c ****   ******************************************************************************
   3:Middlewares/ST/STM32_USB_Host_Library/Core/Src/usbh_ioreq.c ****   * @file    usbh_ioreq.c
   4:Middlewares/ST/STM32_USB_Host_Library/Core/Src/usbh_ioreq.c ****   * @author  MCD Application Team
   5:Middlewares/ST/STM32_USB_Host_Library/Core/Src/usbh_ioreq.c ****   * @brief   This file handles the issuing of the USB transactions
   6:Middlewares/ST/STM32_USB_Host_Library/Core/Src/usbh_ioreq.c ****   ******************************************************************************
   7:Middlewares/ST/STM32_USB_Host_Library/Core/Src/usbh_ioreq.c ****   * @attention
   8:Middlewares/ST/STM32_USB_Host_Library/Core/Src/usbh_ioreq.c ****   *
   9:Middlewares/ST/STM32_USB_Host_Library/Core/Src/usbh_ioreq.c ****   * <h2><center>&copy; Copyright (c) 2015 STMicroelectronics.
  10:Middlewares/ST/STM32_USB_Host_Library/Core/Src/usbh_ioreq.c ****   * All rights reserved.</center></h2>
  11:Middlewares/ST/STM32_USB_Host_Library/Core/Src/usbh_ioreq.c ****   *
  12:Middlewares/ST/STM32_USB_Host_Library/Core/Src/usbh_ioreq.c ****   * This software component is licensed by ST under Ultimate Liberty license
  13:Middlewares/ST/STM32_USB_Host_Library/Core/Src/usbh_ioreq.c ****   * SLA0044, the "License"; You may not use this file except in compliance with
  14:Middlewares/ST/STM32_USB_Host_Library/Core/Src/usbh_ioreq.c ****   * the License. You may obtain a copy of the License at:
  15:Middlewares/ST/STM32_USB_Host_Library/Core/Src/usbh_ioreq.c ****   *                      www.st.com/SLA0044
  16:Middlewares/ST/STM32_USB_Host_Library/Core/Src/usbh_ioreq.c ****   *
  17:Middlewares/ST/STM32_USB_Host_Library/Core/Src/usbh_ioreq.c ****   ******************************************************************************
  18:Middlewares/ST/STM32_USB_Host_Library/Core/Src/usbh_ioreq.c ****   */
  19:Middlewares/ST/STM32_USB_Host_Library/Core/Src/usbh_ioreq.c **** 
  20:Middlewares/ST/STM32_USB_Host_Library/Core/Src/usbh_ioreq.c **** /* Includes ------------------------------------------------------------------*/
  21:Middlewares/ST/STM32_USB_Host_Library/Core/Src/usbh_ioreq.c **** #include "usbh_ioreq.h"
  22:Middlewares/ST/STM32_USB_Host_Library/Core/Src/usbh_ioreq.c **** 
  23:Middlewares/ST/STM32_USB_Host_Library/Core/Src/usbh_ioreq.c **** /** @addtogroup USBH_LIB
  24:Middlewares/ST/STM32_USB_Host_Library/Core/Src/usbh_ioreq.c ****   * @{
  25:Middlewares/ST/STM32_USB_Host_Library/Core/Src/usbh_ioreq.c ****   */
  26:Middlewares/ST/STM32_USB_Host_Library/Core/Src/usbh_ioreq.c **** 
  27:Middlewares/ST/STM32_USB_Host_Library/Core/Src/usbh_ioreq.c **** /** @addtogroup USBH_LIB_CORE
  28:Middlewares/ST/STM32_USB_Host_Library/Core/Src/usbh_ioreq.c ****   * @{
  29:Middlewares/ST/STM32_USB_Host_Library/Core/Src/usbh_ioreq.c ****   */
ARM GAS  /tmp/ccuMEBgz.s 			page 2


  30:Middlewares/ST/STM32_USB_Host_Library/Core/Src/usbh_ioreq.c **** 
  31:Middlewares/ST/STM32_USB_Host_Library/Core/Src/usbh_ioreq.c **** /** @defgroup USBH_IOREQ
  32:Middlewares/ST/STM32_USB_Host_Library/Core/Src/usbh_ioreq.c ****   * @brief This file handles the standard protocol processing (USB v2.0)
  33:Middlewares/ST/STM32_USB_Host_Library/Core/Src/usbh_ioreq.c ****   * @{
  34:Middlewares/ST/STM32_USB_Host_Library/Core/Src/usbh_ioreq.c ****   */
  35:Middlewares/ST/STM32_USB_Host_Library/Core/Src/usbh_ioreq.c **** 
  36:Middlewares/ST/STM32_USB_Host_Library/Core/Src/usbh_ioreq.c **** 
  37:Middlewares/ST/STM32_USB_Host_Library/Core/Src/usbh_ioreq.c **** /** @defgroup USBH_IOREQ_Private_Defines
  38:Middlewares/ST/STM32_USB_Host_Library/Core/Src/usbh_ioreq.c ****   * @{
  39:Middlewares/ST/STM32_USB_Host_Library/Core/Src/usbh_ioreq.c ****   */
  40:Middlewares/ST/STM32_USB_Host_Library/Core/Src/usbh_ioreq.c **** 
  41:Middlewares/ST/STM32_USB_Host_Library/Core/Src/usbh_ioreq.c **** /**
  42:Middlewares/ST/STM32_USB_Host_Library/Core/Src/usbh_ioreq.c ****   * @}
  43:Middlewares/ST/STM32_USB_Host_Library/Core/Src/usbh_ioreq.c ****   */
  44:Middlewares/ST/STM32_USB_Host_Library/Core/Src/usbh_ioreq.c **** 
  45:Middlewares/ST/STM32_USB_Host_Library/Core/Src/usbh_ioreq.c **** 
  46:Middlewares/ST/STM32_USB_Host_Library/Core/Src/usbh_ioreq.c **** /** @defgroup USBH_IOREQ_Private_TypesDefinitions
  47:Middlewares/ST/STM32_USB_Host_Library/Core/Src/usbh_ioreq.c ****   * @{
  48:Middlewares/ST/STM32_USB_Host_Library/Core/Src/usbh_ioreq.c ****   */
  49:Middlewares/ST/STM32_USB_Host_Library/Core/Src/usbh_ioreq.c **** /**
  50:Middlewares/ST/STM32_USB_Host_Library/Core/Src/usbh_ioreq.c ****   * @}
  51:Middlewares/ST/STM32_USB_Host_Library/Core/Src/usbh_ioreq.c ****   */
  52:Middlewares/ST/STM32_USB_Host_Library/Core/Src/usbh_ioreq.c **** 
  53:Middlewares/ST/STM32_USB_Host_Library/Core/Src/usbh_ioreq.c **** 
  54:Middlewares/ST/STM32_USB_Host_Library/Core/Src/usbh_ioreq.c **** 
  55:Middlewares/ST/STM32_USB_Host_Library/Core/Src/usbh_ioreq.c **** /** @defgroup USBH_IOREQ_Private_Macros
  56:Middlewares/ST/STM32_USB_Host_Library/Core/Src/usbh_ioreq.c ****   * @{
  57:Middlewares/ST/STM32_USB_Host_Library/Core/Src/usbh_ioreq.c ****   */
  58:Middlewares/ST/STM32_USB_Host_Library/Core/Src/usbh_ioreq.c **** /**
  59:Middlewares/ST/STM32_USB_Host_Library/Core/Src/usbh_ioreq.c ****   * @}
  60:Middlewares/ST/STM32_USB_Host_Library/Core/Src/usbh_ioreq.c ****   */
  61:Middlewares/ST/STM32_USB_Host_Library/Core/Src/usbh_ioreq.c **** 
  62:Middlewares/ST/STM32_USB_Host_Library/Core/Src/usbh_ioreq.c **** 
  63:Middlewares/ST/STM32_USB_Host_Library/Core/Src/usbh_ioreq.c **** /** @defgroup USBH_IOREQ_Private_Variables
  64:Middlewares/ST/STM32_USB_Host_Library/Core/Src/usbh_ioreq.c ****   * @{
  65:Middlewares/ST/STM32_USB_Host_Library/Core/Src/usbh_ioreq.c ****   */
  66:Middlewares/ST/STM32_USB_Host_Library/Core/Src/usbh_ioreq.c **** /**
  67:Middlewares/ST/STM32_USB_Host_Library/Core/Src/usbh_ioreq.c ****   * @}
  68:Middlewares/ST/STM32_USB_Host_Library/Core/Src/usbh_ioreq.c ****   */
  69:Middlewares/ST/STM32_USB_Host_Library/Core/Src/usbh_ioreq.c **** /** @defgroup USBH_IOREQ_Private_FunctionPrototypes
  70:Middlewares/ST/STM32_USB_Host_Library/Core/Src/usbh_ioreq.c ****   * @{
  71:Middlewares/ST/STM32_USB_Host_Library/Core/Src/usbh_ioreq.c ****   */
  72:Middlewares/ST/STM32_USB_Host_Library/Core/Src/usbh_ioreq.c **** 
  73:Middlewares/ST/STM32_USB_Host_Library/Core/Src/usbh_ioreq.c **** /**
  74:Middlewares/ST/STM32_USB_Host_Library/Core/Src/usbh_ioreq.c ****   * @}
  75:Middlewares/ST/STM32_USB_Host_Library/Core/Src/usbh_ioreq.c ****   */
  76:Middlewares/ST/STM32_USB_Host_Library/Core/Src/usbh_ioreq.c **** 
  77:Middlewares/ST/STM32_USB_Host_Library/Core/Src/usbh_ioreq.c **** 
  78:Middlewares/ST/STM32_USB_Host_Library/Core/Src/usbh_ioreq.c **** /** @defgroup USBH_IOREQ_Private_Functions
  79:Middlewares/ST/STM32_USB_Host_Library/Core/Src/usbh_ioreq.c ****   * @{
  80:Middlewares/ST/STM32_USB_Host_Library/Core/Src/usbh_ioreq.c ****   */
  81:Middlewares/ST/STM32_USB_Host_Library/Core/Src/usbh_ioreq.c **** 
  82:Middlewares/ST/STM32_USB_Host_Library/Core/Src/usbh_ioreq.c **** 
  83:Middlewares/ST/STM32_USB_Host_Library/Core/Src/usbh_ioreq.c **** 
  84:Middlewares/ST/STM32_USB_Host_Library/Core/Src/usbh_ioreq.c **** /**
  85:Middlewares/ST/STM32_USB_Host_Library/Core/Src/usbh_ioreq.c ****   * @brief  USBH_CtlSendSetup
  86:Middlewares/ST/STM32_USB_Host_Library/Core/Src/usbh_ioreq.c ****   *         Sends the Setup Packet to the Device
ARM GAS  /tmp/ccuMEBgz.s 			page 3


  87:Middlewares/ST/STM32_USB_Host_Library/Core/Src/usbh_ioreq.c ****   * @param  phost: Host Handle
  88:Middlewares/ST/STM32_USB_Host_Library/Core/Src/usbh_ioreq.c ****   * @param  buff: Buffer pointer from which the Data will be send to Device
  89:Middlewares/ST/STM32_USB_Host_Library/Core/Src/usbh_ioreq.c ****   * @param  pipe_num: Pipe Number
  90:Middlewares/ST/STM32_USB_Host_Library/Core/Src/usbh_ioreq.c ****   * @retval USBH Status
  91:Middlewares/ST/STM32_USB_Host_Library/Core/Src/usbh_ioreq.c ****   */
  92:Middlewares/ST/STM32_USB_Host_Library/Core/Src/usbh_ioreq.c **** USBH_StatusTypeDef USBH_CtlSendSetup(USBH_HandleTypeDef *phost,
  93:Middlewares/ST/STM32_USB_Host_Library/Core/Src/usbh_ioreq.c ****                                      uint8_t *buff,
  94:Middlewares/ST/STM32_USB_Host_Library/Core/Src/usbh_ioreq.c ****                                      uint8_t pipe_num)
  95:Middlewares/ST/STM32_USB_Host_Library/Core/Src/usbh_ioreq.c **** {
  30              		.loc 1 95 1 view -0
  31              		.cfi_startproc
  32              		@ args = 0, pretend = 0, frame = 0
  33              		@ frame_needed = 0, uses_anonymous_args = 0
  34              		.loc 1 95 1 is_stmt 0 view .LVU1
  35 0000 10B5     		push	{r4, lr}
  36              		.cfi_def_cfa_offset 8
  37              		.cfi_offset 4, -8
  38              		.cfi_offset 14, -4
  39 0002 84B0     		sub	sp, sp, #16
  40              		.cfi_def_cfa_offset 24
  41 0004 0B46     		mov	r3, r1
  42 0006 1146     		mov	r1, r2
  43              	.LVL1:
  96:Middlewares/ST/STM32_USB_Host_Library/Core/Src/usbh_ioreq.c **** 
  97:Middlewares/ST/STM32_USB_Host_Library/Core/Src/usbh_ioreq.c ****   (void)USBH_LL_SubmitURB(phost,                /* Driver handle    */
  44              		.loc 1 97 3 is_stmt 1 view .LVU2
  45              		.loc 1 97 9 is_stmt 0 view .LVU3
  46 0008 0024     		movs	r4, #0
  47 000a 0394     		str	r4, [sp, #12]
  48 000c 0822     		movs	r2, #8
  49              	.LVL2:
  50              		.loc 1 97 9 view .LVU4
  51 000e 0292     		str	r2, [sp, #8]
  52 0010 0193     		str	r3, [sp, #4]
  53 0012 0094     		str	r4, [sp]
  54 0014 2346     		mov	r3, r4
  55              	.LVL3:
  56              		.loc 1 97 9 view .LVU5
  57 0016 2246     		mov	r2, r4
  58 0018 FFF7FEFF 		bl	USBH_LL_SubmitURB
  59              	.LVL4:
  98:Middlewares/ST/STM32_USB_Host_Library/Core/Src/usbh_ioreq.c ****                           pipe_num,             /* Pipe index       */
  99:Middlewares/ST/STM32_USB_Host_Library/Core/Src/usbh_ioreq.c ****                           0U,                   /* Direction : OUT  */
 100:Middlewares/ST/STM32_USB_Host_Library/Core/Src/usbh_ioreq.c ****                           USBH_EP_CONTROL,      /* EP type          */
 101:Middlewares/ST/STM32_USB_Host_Library/Core/Src/usbh_ioreq.c ****                           USBH_PID_SETUP,       /* Type setup       */
 102:Middlewares/ST/STM32_USB_Host_Library/Core/Src/usbh_ioreq.c ****                           buff,                 /* data buffer      */
 103:Middlewares/ST/STM32_USB_Host_Library/Core/Src/usbh_ioreq.c ****                           USBH_SETUP_PKT_SIZE,  /* data length      */
 104:Middlewares/ST/STM32_USB_Host_Library/Core/Src/usbh_ioreq.c ****                           0U);
 105:Middlewares/ST/STM32_USB_Host_Library/Core/Src/usbh_ioreq.c ****   return USBH_OK;
  60              		.loc 1 105 3 is_stmt 1 view .LVU6
 106:Middlewares/ST/STM32_USB_Host_Library/Core/Src/usbh_ioreq.c **** }
  61              		.loc 1 106 1 is_stmt 0 view .LVU7
  62 001c 2046     		mov	r0, r4
  63 001e 04B0     		add	sp, sp, #16
  64              		.cfi_def_cfa_offset 8
  65              		@ sp needed
  66 0020 10BD     		pop	{r4, pc}
ARM GAS  /tmp/ccuMEBgz.s 			page 4


  67              		.cfi_endproc
  68              	.LFE133:
  70              		.section	.text.USBH_CtlSendData,"ax",%progbits
  71              		.align	1
  72              		.global	USBH_CtlSendData
  73              		.syntax unified
  74              		.thumb
  75              		.thumb_func
  76              		.fpu fpv4-sp-d16
  78              	USBH_CtlSendData:
  79              	.LVL5:
  80              	.LFB134:
 107:Middlewares/ST/STM32_USB_Host_Library/Core/Src/usbh_ioreq.c **** 
 108:Middlewares/ST/STM32_USB_Host_Library/Core/Src/usbh_ioreq.c **** 
 109:Middlewares/ST/STM32_USB_Host_Library/Core/Src/usbh_ioreq.c **** /**
 110:Middlewares/ST/STM32_USB_Host_Library/Core/Src/usbh_ioreq.c ****   * @brief  USBH_CtlSendData
 111:Middlewares/ST/STM32_USB_Host_Library/Core/Src/usbh_ioreq.c ****   *         Sends a data Packet to the Device
 112:Middlewares/ST/STM32_USB_Host_Library/Core/Src/usbh_ioreq.c ****   * @param  phost: Host Handle
 113:Middlewares/ST/STM32_USB_Host_Library/Core/Src/usbh_ioreq.c ****   * @param  buff: Buffer pointer from which the Data will be sent to Device
 114:Middlewares/ST/STM32_USB_Host_Library/Core/Src/usbh_ioreq.c ****   * @param  length: Length of the data to be sent
 115:Middlewares/ST/STM32_USB_Host_Library/Core/Src/usbh_ioreq.c ****   * @param  pipe_num: Pipe Number
 116:Middlewares/ST/STM32_USB_Host_Library/Core/Src/usbh_ioreq.c ****   * @retval USBH Status
 117:Middlewares/ST/STM32_USB_Host_Library/Core/Src/usbh_ioreq.c ****   */
 118:Middlewares/ST/STM32_USB_Host_Library/Core/Src/usbh_ioreq.c **** USBH_StatusTypeDef USBH_CtlSendData(USBH_HandleTypeDef *phost,
 119:Middlewares/ST/STM32_USB_Host_Library/Core/Src/usbh_ioreq.c ****                                     uint8_t *buff,
 120:Middlewares/ST/STM32_USB_Host_Library/Core/Src/usbh_ioreq.c ****                                     uint16_t length,
 121:Middlewares/ST/STM32_USB_Host_Library/Core/Src/usbh_ioreq.c ****                                     uint8_t pipe_num,
 122:Middlewares/ST/STM32_USB_Host_Library/Core/Src/usbh_ioreq.c ****                                     uint8_t do_ping)
 123:Middlewares/ST/STM32_USB_Host_Library/Core/Src/usbh_ioreq.c **** {
  81              		.loc 1 123 1 is_stmt 1 view -0
  82              		.cfi_startproc
  83              		@ args = 4, pretend = 0, frame = 0
  84              		@ frame_needed = 0, uses_anonymous_args = 0
  85              		.loc 1 123 1 is_stmt 0 view .LVU9
  86 0000 30B5     		push	{r4, r5, lr}
  87              		.cfi_def_cfa_offset 12
  88              		.cfi_offset 4, -12
  89              		.cfi_offset 5, -8
  90              		.cfi_offset 14, -4
  91 0002 85B0     		sub	sp, sp, #20
  92              		.cfi_def_cfa_offset 32
  93 0004 0C46     		mov	r4, r1
  94 0006 1946     		mov	r1, r3
  95              	.LVL6:
  96              		.loc 1 123 1 view .LVU10
  97 0008 9DF82030 		ldrb	r3, [sp, #32]	@ zero_extendqisi2
  98              	.LVL7:
 124:Middlewares/ST/STM32_USB_Host_Library/Core/Src/usbh_ioreq.c ****   if (phost->device.speed != USBH_SPEED_HIGH)
  99              		.loc 1 124 3 is_stmt 1 view .LVU11
 100              		.loc 1 124 20 is_stmt 0 view .LVU12
 101 000c 90F81D53 		ldrb	r5, [r0, #797]	@ zero_extendqisi2
 102              		.loc 1 124 6 view .LVU13
 103 0010 05B1     		cbz	r5, .L4
 125:Middlewares/ST/STM32_USB_Host_Library/Core/Src/usbh_ioreq.c ****   {
 126:Middlewares/ST/STM32_USB_Host_Library/Core/Src/usbh_ioreq.c ****     do_ping = 0U;
 104              		.loc 1 126 13 view .LVU14
 105 0012 0023     		movs	r3, #0
ARM GAS  /tmp/ccuMEBgz.s 			page 5


 106              	.L4:
 107              	.LVL8:
 127:Middlewares/ST/STM32_USB_Host_Library/Core/Src/usbh_ioreq.c ****   }
 128:Middlewares/ST/STM32_USB_Host_Library/Core/Src/usbh_ioreq.c **** 
 129:Middlewares/ST/STM32_USB_Host_Library/Core/Src/usbh_ioreq.c ****   (void)USBH_LL_SubmitURB(phost,                /* Driver handle    */
 108              		.loc 1 129 3 is_stmt 1 view .LVU15
 109              		.loc 1 129 9 is_stmt 0 view .LVU16
 110 0014 0393     		str	r3, [sp, #12]
 111 0016 0292     		str	r2, [sp, #8]
 112 0018 0194     		str	r4, [sp, #4]
 113 001a 0123     		movs	r3, #1
 114              	.LVL9:
 115              		.loc 1 129 9 view .LVU17
 116 001c 0093     		str	r3, [sp]
 117 001e 0023     		movs	r3, #0
 118 0020 1A46     		mov	r2, r3
 119              	.LVL10:
 120              		.loc 1 129 9 view .LVU18
 121 0022 FFF7FEFF 		bl	USBH_LL_SubmitURB
 122              	.LVL11:
 130:Middlewares/ST/STM32_USB_Host_Library/Core/Src/usbh_ioreq.c ****                           pipe_num,             /* Pipe index       */
 131:Middlewares/ST/STM32_USB_Host_Library/Core/Src/usbh_ioreq.c ****                           0U,                   /* Direction : OUT  */
 132:Middlewares/ST/STM32_USB_Host_Library/Core/Src/usbh_ioreq.c ****                           USBH_EP_CONTROL,      /* EP type          */
 133:Middlewares/ST/STM32_USB_Host_Library/Core/Src/usbh_ioreq.c ****                           USBH_PID_DATA,        /* Type Data        */
 134:Middlewares/ST/STM32_USB_Host_Library/Core/Src/usbh_ioreq.c ****                           buff,                 /* data buffer      */
 135:Middlewares/ST/STM32_USB_Host_Library/Core/Src/usbh_ioreq.c ****                           length,               /* data length      */
 136:Middlewares/ST/STM32_USB_Host_Library/Core/Src/usbh_ioreq.c ****                           do_ping);             /* do ping (HS Only)*/
 137:Middlewares/ST/STM32_USB_Host_Library/Core/Src/usbh_ioreq.c **** 
 138:Middlewares/ST/STM32_USB_Host_Library/Core/Src/usbh_ioreq.c ****   return USBH_OK;
 123              		.loc 1 138 3 is_stmt 1 view .LVU19
 139:Middlewares/ST/STM32_USB_Host_Library/Core/Src/usbh_ioreq.c **** }
 124              		.loc 1 139 1 is_stmt 0 view .LVU20
 125 0026 0020     		movs	r0, #0
 126 0028 05B0     		add	sp, sp, #20
 127              		.cfi_def_cfa_offset 12
 128              		@ sp needed
 129 002a 30BD     		pop	{r4, r5, pc}
 130              		.loc 1 139 1 view .LVU21
 131              		.cfi_endproc
 132              	.LFE134:
 134              		.section	.text.USBH_CtlReceiveData,"ax",%progbits
 135              		.align	1
 136              		.global	USBH_CtlReceiveData
 137              		.syntax unified
 138              		.thumb
 139              		.thumb_func
 140              		.fpu fpv4-sp-d16
 142              	USBH_CtlReceiveData:
 143              	.LVL12:
 144              	.LFB135:
 140:Middlewares/ST/STM32_USB_Host_Library/Core/Src/usbh_ioreq.c **** 
 141:Middlewares/ST/STM32_USB_Host_Library/Core/Src/usbh_ioreq.c **** 
 142:Middlewares/ST/STM32_USB_Host_Library/Core/Src/usbh_ioreq.c **** /**
 143:Middlewares/ST/STM32_USB_Host_Library/Core/Src/usbh_ioreq.c ****   * @brief  USBH_CtlReceiveData
 144:Middlewares/ST/STM32_USB_Host_Library/Core/Src/usbh_ioreq.c ****   *         Receives the Device Response to the Setup Packet
 145:Middlewares/ST/STM32_USB_Host_Library/Core/Src/usbh_ioreq.c ****   * @param  phost: Host Handle
 146:Middlewares/ST/STM32_USB_Host_Library/Core/Src/usbh_ioreq.c ****   * @param  buff: Buffer pointer in which the response needs to be copied
ARM GAS  /tmp/ccuMEBgz.s 			page 6


 147:Middlewares/ST/STM32_USB_Host_Library/Core/Src/usbh_ioreq.c ****   * @param  length: Length of the data to be received
 148:Middlewares/ST/STM32_USB_Host_Library/Core/Src/usbh_ioreq.c ****   * @param  pipe_num: Pipe Number
 149:Middlewares/ST/STM32_USB_Host_Library/Core/Src/usbh_ioreq.c ****   * @retval USBH Status.
 150:Middlewares/ST/STM32_USB_Host_Library/Core/Src/usbh_ioreq.c ****   */
 151:Middlewares/ST/STM32_USB_Host_Library/Core/Src/usbh_ioreq.c **** USBH_StatusTypeDef USBH_CtlReceiveData(USBH_HandleTypeDef *phost,
 152:Middlewares/ST/STM32_USB_Host_Library/Core/Src/usbh_ioreq.c ****                                        uint8_t *buff,
 153:Middlewares/ST/STM32_USB_Host_Library/Core/Src/usbh_ioreq.c ****                                        uint16_t length,
 154:Middlewares/ST/STM32_USB_Host_Library/Core/Src/usbh_ioreq.c ****                                        uint8_t pipe_num)
 155:Middlewares/ST/STM32_USB_Host_Library/Core/Src/usbh_ioreq.c **** {
 145              		.loc 1 155 1 is_stmt 1 view -0
 146              		.cfi_startproc
 147              		@ args = 0, pretend = 0, frame = 0
 148              		@ frame_needed = 0, uses_anonymous_args = 0
 149              		.loc 1 155 1 is_stmt 0 view .LVU23
 150 0000 30B5     		push	{r4, r5, lr}
 151              		.cfi_def_cfa_offset 12
 152              		.cfi_offset 4, -12
 153              		.cfi_offset 5, -8
 154              		.cfi_offset 14, -4
 155 0002 85B0     		sub	sp, sp, #20
 156              		.cfi_def_cfa_offset 32
 157 0004 0D46     		mov	r5, r1
 158 0006 1946     		mov	r1, r3
 159              	.LVL13:
 156:Middlewares/ST/STM32_USB_Host_Library/Core/Src/usbh_ioreq.c ****   (void)USBH_LL_SubmitURB(phost,                /* Driver handle    */
 160              		.loc 1 156 3 is_stmt 1 view .LVU24
 161              		.loc 1 156 9 is_stmt 0 view .LVU25
 162 0008 0024     		movs	r4, #0
 163 000a 0394     		str	r4, [sp, #12]
 164 000c 0292     		str	r2, [sp, #8]
 165 000e 0195     		str	r5, [sp, #4]
 166 0010 0122     		movs	r2, #1
 167              	.LVL14:
 168              		.loc 1 156 9 view .LVU26
 169 0012 0092     		str	r2, [sp]
 170 0014 2346     		mov	r3, r4
 171              	.LVL15:
 172              		.loc 1 156 9 view .LVU27
 173 0016 FFF7FEFF 		bl	USBH_LL_SubmitURB
 174              	.LVL16:
 157:Middlewares/ST/STM32_USB_Host_Library/Core/Src/usbh_ioreq.c ****                           pipe_num,             /* Pipe index       */
 158:Middlewares/ST/STM32_USB_Host_Library/Core/Src/usbh_ioreq.c ****                           1U,                   /* Direction : IN   */
 159:Middlewares/ST/STM32_USB_Host_Library/Core/Src/usbh_ioreq.c ****                           USBH_EP_CONTROL,      /* EP type          */
 160:Middlewares/ST/STM32_USB_Host_Library/Core/Src/usbh_ioreq.c ****                           USBH_PID_DATA,        /* Type Data        */
 161:Middlewares/ST/STM32_USB_Host_Library/Core/Src/usbh_ioreq.c ****                           buff,                 /* data buffer      */
 162:Middlewares/ST/STM32_USB_Host_Library/Core/Src/usbh_ioreq.c ****                           length,               /* data length      */
 163:Middlewares/ST/STM32_USB_Host_Library/Core/Src/usbh_ioreq.c ****                           0U);
 164:Middlewares/ST/STM32_USB_Host_Library/Core/Src/usbh_ioreq.c ****   return USBH_OK;
 175              		.loc 1 164 3 is_stmt 1 view .LVU28
 165:Middlewares/ST/STM32_USB_Host_Library/Core/Src/usbh_ioreq.c **** 
 166:Middlewares/ST/STM32_USB_Host_Library/Core/Src/usbh_ioreq.c **** }
 176              		.loc 1 166 1 is_stmt 0 view .LVU29
 177 001a 2046     		mov	r0, r4
 178 001c 05B0     		add	sp, sp, #20
 179              		.cfi_def_cfa_offset 12
 180              		@ sp needed
 181 001e 30BD     		pop	{r4, r5, pc}
ARM GAS  /tmp/ccuMEBgz.s 			page 7


 182              		.loc 1 166 1 view .LVU30
 183              		.cfi_endproc
 184              	.LFE135:
 186              		.section	.text.USBH_BulkSendData,"ax",%progbits
 187              		.align	1
 188              		.global	USBH_BulkSendData
 189              		.syntax unified
 190              		.thumb
 191              		.thumb_func
 192              		.fpu fpv4-sp-d16
 194              	USBH_BulkSendData:
 195              	.LVL17:
 196              	.LFB136:
 167:Middlewares/ST/STM32_USB_Host_Library/Core/Src/usbh_ioreq.c **** 
 168:Middlewares/ST/STM32_USB_Host_Library/Core/Src/usbh_ioreq.c **** 
 169:Middlewares/ST/STM32_USB_Host_Library/Core/Src/usbh_ioreq.c **** /**
 170:Middlewares/ST/STM32_USB_Host_Library/Core/Src/usbh_ioreq.c ****   * @brief  USBH_BulkSendData
 171:Middlewares/ST/STM32_USB_Host_Library/Core/Src/usbh_ioreq.c ****   *         Sends the Bulk Packet to the device
 172:Middlewares/ST/STM32_USB_Host_Library/Core/Src/usbh_ioreq.c ****   * @param  phost: Host Handle
 173:Middlewares/ST/STM32_USB_Host_Library/Core/Src/usbh_ioreq.c ****   * @param  buff: Buffer pointer from which the Data will be sent to Device
 174:Middlewares/ST/STM32_USB_Host_Library/Core/Src/usbh_ioreq.c ****   * @param  length: Length of the data to be sent
 175:Middlewares/ST/STM32_USB_Host_Library/Core/Src/usbh_ioreq.c ****   * @param  pipe_num: Pipe Number
 176:Middlewares/ST/STM32_USB_Host_Library/Core/Src/usbh_ioreq.c ****   * @retval USBH Status
 177:Middlewares/ST/STM32_USB_Host_Library/Core/Src/usbh_ioreq.c ****   */
 178:Middlewares/ST/STM32_USB_Host_Library/Core/Src/usbh_ioreq.c **** USBH_StatusTypeDef USBH_BulkSendData(USBH_HandleTypeDef *phost,
 179:Middlewares/ST/STM32_USB_Host_Library/Core/Src/usbh_ioreq.c ****                                      uint8_t *buff,
 180:Middlewares/ST/STM32_USB_Host_Library/Core/Src/usbh_ioreq.c ****                                      uint16_t length,
 181:Middlewares/ST/STM32_USB_Host_Library/Core/Src/usbh_ioreq.c ****                                      uint8_t pipe_num,
 182:Middlewares/ST/STM32_USB_Host_Library/Core/Src/usbh_ioreq.c ****                                      uint8_t do_ping)
 183:Middlewares/ST/STM32_USB_Host_Library/Core/Src/usbh_ioreq.c **** {
 197              		.loc 1 183 1 is_stmt 1 view -0
 198              		.cfi_startproc
 199              		@ args = 4, pretend = 0, frame = 0
 200              		@ frame_needed = 0, uses_anonymous_args = 0
 201              		.loc 1 183 1 is_stmt 0 view .LVU32
 202 0000 30B5     		push	{r4, r5, lr}
 203              		.cfi_def_cfa_offset 12
 204              		.cfi_offset 4, -12
 205              		.cfi_offset 5, -8
 206              		.cfi_offset 14, -4
 207 0002 85B0     		sub	sp, sp, #20
 208              		.cfi_def_cfa_offset 32
 209 0004 0C46     		mov	r4, r1
 210 0006 1946     		mov	r1, r3
 211              	.LVL18:
 212              		.loc 1 183 1 view .LVU33
 213 0008 9DF82030 		ldrb	r3, [sp, #32]	@ zero_extendqisi2
 214              	.LVL19:
 184:Middlewares/ST/STM32_USB_Host_Library/Core/Src/usbh_ioreq.c ****   if (phost->device.speed != USBH_SPEED_HIGH)
 215              		.loc 1 184 3 is_stmt 1 view .LVU34
 216              		.loc 1 184 20 is_stmt 0 view .LVU35
 217 000c 90F81D53 		ldrb	r5, [r0, #797]	@ zero_extendqisi2
 218              		.loc 1 184 6 view .LVU36
 219 0010 05B1     		cbz	r5, .L10
 185:Middlewares/ST/STM32_USB_Host_Library/Core/Src/usbh_ioreq.c ****   {
 186:Middlewares/ST/STM32_USB_Host_Library/Core/Src/usbh_ioreq.c ****     do_ping = 0U;
 220              		.loc 1 186 13 view .LVU37
ARM GAS  /tmp/ccuMEBgz.s 			page 8


 221 0012 0023     		movs	r3, #0
 222              	.L10:
 223              	.LVL20:
 187:Middlewares/ST/STM32_USB_Host_Library/Core/Src/usbh_ioreq.c ****   }
 188:Middlewares/ST/STM32_USB_Host_Library/Core/Src/usbh_ioreq.c **** 
 189:Middlewares/ST/STM32_USB_Host_Library/Core/Src/usbh_ioreq.c ****   (void)USBH_LL_SubmitURB(phost,                /* Driver handle    */
 224              		.loc 1 189 3 is_stmt 1 view .LVU38
 225              		.loc 1 189 9 is_stmt 0 view .LVU39
 226 0014 0393     		str	r3, [sp, #12]
 227 0016 0292     		str	r2, [sp, #8]
 228 0018 0194     		str	r4, [sp, #4]
 229 001a 0123     		movs	r3, #1
 230              	.LVL21:
 231              		.loc 1 189 9 view .LVU40
 232 001c 0093     		str	r3, [sp]
 233 001e 0223     		movs	r3, #2
 234 0020 0022     		movs	r2, #0
 235              	.LVL22:
 236              		.loc 1 189 9 view .LVU41
 237 0022 FFF7FEFF 		bl	USBH_LL_SubmitURB
 238              	.LVL23:
 190:Middlewares/ST/STM32_USB_Host_Library/Core/Src/usbh_ioreq.c ****                           pipe_num,             /* Pipe index       */
 191:Middlewares/ST/STM32_USB_Host_Library/Core/Src/usbh_ioreq.c ****                           0U,                   /* Direction : IN   */
 192:Middlewares/ST/STM32_USB_Host_Library/Core/Src/usbh_ioreq.c ****                           USBH_EP_BULK,         /* EP type          */
 193:Middlewares/ST/STM32_USB_Host_Library/Core/Src/usbh_ioreq.c ****                           USBH_PID_DATA,        /* Type Data        */
 194:Middlewares/ST/STM32_USB_Host_Library/Core/Src/usbh_ioreq.c ****                           buff,                 /* data buffer      */
 195:Middlewares/ST/STM32_USB_Host_Library/Core/Src/usbh_ioreq.c ****                           length,               /* data length      */
 196:Middlewares/ST/STM32_USB_Host_Library/Core/Src/usbh_ioreq.c ****                           do_ping);             /* do ping (HS Only)*/
 197:Middlewares/ST/STM32_USB_Host_Library/Core/Src/usbh_ioreq.c ****   return USBH_OK;
 239              		.loc 1 197 3 is_stmt 1 view .LVU42
 198:Middlewares/ST/STM32_USB_Host_Library/Core/Src/usbh_ioreq.c **** }
 240              		.loc 1 198 1 is_stmt 0 view .LVU43
 241 0026 0020     		movs	r0, #0
 242 0028 05B0     		add	sp, sp, #20
 243              		.cfi_def_cfa_offset 12
 244              		@ sp needed
 245 002a 30BD     		pop	{r4, r5, pc}
 246              		.loc 1 198 1 view .LVU44
 247              		.cfi_endproc
 248              	.LFE136:
 250              		.section	.text.USBH_BulkReceiveData,"ax",%progbits
 251              		.align	1
 252              		.global	USBH_BulkReceiveData
 253              		.syntax unified
 254              		.thumb
 255              		.thumb_func
 256              		.fpu fpv4-sp-d16
 258              	USBH_BulkReceiveData:
 259              	.LVL24:
 260              	.LFB137:
 199:Middlewares/ST/STM32_USB_Host_Library/Core/Src/usbh_ioreq.c **** 
 200:Middlewares/ST/STM32_USB_Host_Library/Core/Src/usbh_ioreq.c **** 
 201:Middlewares/ST/STM32_USB_Host_Library/Core/Src/usbh_ioreq.c **** /**
 202:Middlewares/ST/STM32_USB_Host_Library/Core/Src/usbh_ioreq.c ****   * @brief  USBH_BulkReceiveData
 203:Middlewares/ST/STM32_USB_Host_Library/Core/Src/usbh_ioreq.c ****   *         Receives IN bulk packet from device
 204:Middlewares/ST/STM32_USB_Host_Library/Core/Src/usbh_ioreq.c ****   * @param  phost: Host Handle
 205:Middlewares/ST/STM32_USB_Host_Library/Core/Src/usbh_ioreq.c ****   * @param  buff: Buffer pointer in which the received data packet to be copied
ARM GAS  /tmp/ccuMEBgz.s 			page 9


 206:Middlewares/ST/STM32_USB_Host_Library/Core/Src/usbh_ioreq.c ****   * @param  length: Length of the data to be received
 207:Middlewares/ST/STM32_USB_Host_Library/Core/Src/usbh_ioreq.c ****   * @param  pipe_num: Pipe Number
 208:Middlewares/ST/STM32_USB_Host_Library/Core/Src/usbh_ioreq.c ****   * @retval USBH Status.
 209:Middlewares/ST/STM32_USB_Host_Library/Core/Src/usbh_ioreq.c ****   */
 210:Middlewares/ST/STM32_USB_Host_Library/Core/Src/usbh_ioreq.c **** USBH_StatusTypeDef USBH_BulkReceiveData(USBH_HandleTypeDef *phost,
 211:Middlewares/ST/STM32_USB_Host_Library/Core/Src/usbh_ioreq.c ****                                         uint8_t *buff,
 212:Middlewares/ST/STM32_USB_Host_Library/Core/Src/usbh_ioreq.c ****                                         uint16_t length,
 213:Middlewares/ST/STM32_USB_Host_Library/Core/Src/usbh_ioreq.c ****                                         uint8_t pipe_num)
 214:Middlewares/ST/STM32_USB_Host_Library/Core/Src/usbh_ioreq.c **** {
 261              		.loc 1 214 1 is_stmt 1 view -0
 262              		.cfi_startproc
 263              		@ args = 0, pretend = 0, frame = 0
 264              		@ frame_needed = 0, uses_anonymous_args = 0
 265              		.loc 1 214 1 is_stmt 0 view .LVU46
 266 0000 30B5     		push	{r4, r5, lr}
 267              		.cfi_def_cfa_offset 12
 268              		.cfi_offset 4, -12
 269              		.cfi_offset 5, -8
 270              		.cfi_offset 14, -4
 271 0002 85B0     		sub	sp, sp, #20
 272              		.cfi_def_cfa_offset 32
 273 0004 0D46     		mov	r5, r1
 274 0006 1946     		mov	r1, r3
 275              	.LVL25:
 215:Middlewares/ST/STM32_USB_Host_Library/Core/Src/usbh_ioreq.c ****   (void)USBH_LL_SubmitURB(phost,                /* Driver handle    */
 276              		.loc 1 215 3 is_stmt 1 view .LVU47
 277              		.loc 1 215 9 is_stmt 0 view .LVU48
 278 0008 0024     		movs	r4, #0
 279 000a 0394     		str	r4, [sp, #12]
 280 000c 0292     		str	r2, [sp, #8]
 281 000e 0195     		str	r5, [sp, #4]
 282 0010 0122     		movs	r2, #1
 283              	.LVL26:
 284              		.loc 1 215 9 view .LVU49
 285 0012 0092     		str	r2, [sp]
 286 0014 0223     		movs	r3, #2
 287              	.LVL27:
 288              		.loc 1 215 9 view .LVU50
 289 0016 FFF7FEFF 		bl	USBH_LL_SubmitURB
 290              	.LVL28:
 216:Middlewares/ST/STM32_USB_Host_Library/Core/Src/usbh_ioreq.c ****                           pipe_num,             /* Pipe index       */
 217:Middlewares/ST/STM32_USB_Host_Library/Core/Src/usbh_ioreq.c ****                           1U,                   /* Direction : IN   */
 218:Middlewares/ST/STM32_USB_Host_Library/Core/Src/usbh_ioreq.c ****                           USBH_EP_BULK,         /* EP type          */
 219:Middlewares/ST/STM32_USB_Host_Library/Core/Src/usbh_ioreq.c ****                           USBH_PID_DATA,        /* Type Data        */
 220:Middlewares/ST/STM32_USB_Host_Library/Core/Src/usbh_ioreq.c ****                           buff,                 /* data buffer      */
 221:Middlewares/ST/STM32_USB_Host_Library/Core/Src/usbh_ioreq.c ****                           length,               /* data length      */
 222:Middlewares/ST/STM32_USB_Host_Library/Core/Src/usbh_ioreq.c ****                           0U);
 223:Middlewares/ST/STM32_USB_Host_Library/Core/Src/usbh_ioreq.c ****   return USBH_OK;
 291              		.loc 1 223 3 is_stmt 1 view .LVU51
 224:Middlewares/ST/STM32_USB_Host_Library/Core/Src/usbh_ioreq.c **** }
 292              		.loc 1 224 1 is_stmt 0 view .LVU52
 293 001a 2046     		mov	r0, r4
 294 001c 05B0     		add	sp, sp, #20
 295              		.cfi_def_cfa_offset 12
 296              		@ sp needed
 297 001e 30BD     		pop	{r4, r5, pc}
 298              		.loc 1 224 1 view .LVU53
ARM GAS  /tmp/ccuMEBgz.s 			page 10


 299              		.cfi_endproc
 300              	.LFE137:
 302              		.section	.text.USBH_InterruptReceiveData,"ax",%progbits
 303              		.align	1
 304              		.global	USBH_InterruptReceiveData
 305              		.syntax unified
 306              		.thumb
 307              		.thumb_func
 308              		.fpu fpv4-sp-d16
 310              	USBH_InterruptReceiveData:
 311              	.LVL29:
 312              	.LFB138:
 225:Middlewares/ST/STM32_USB_Host_Library/Core/Src/usbh_ioreq.c **** 
 226:Middlewares/ST/STM32_USB_Host_Library/Core/Src/usbh_ioreq.c **** 
 227:Middlewares/ST/STM32_USB_Host_Library/Core/Src/usbh_ioreq.c **** /**
 228:Middlewares/ST/STM32_USB_Host_Library/Core/Src/usbh_ioreq.c ****   * @brief  USBH_InterruptReceiveData
 229:Middlewares/ST/STM32_USB_Host_Library/Core/Src/usbh_ioreq.c ****   *         Receives the Device Response to the Interrupt IN token
 230:Middlewares/ST/STM32_USB_Host_Library/Core/Src/usbh_ioreq.c ****   * @param  phost: Host Handle
 231:Middlewares/ST/STM32_USB_Host_Library/Core/Src/usbh_ioreq.c ****   * @param  buff: Buffer pointer in which the response needs to be copied
 232:Middlewares/ST/STM32_USB_Host_Library/Core/Src/usbh_ioreq.c ****   * @param  length: Length of the data to be received
 233:Middlewares/ST/STM32_USB_Host_Library/Core/Src/usbh_ioreq.c ****   * @param  pipe_num: Pipe Number
 234:Middlewares/ST/STM32_USB_Host_Library/Core/Src/usbh_ioreq.c ****   * @retval USBH Status.
 235:Middlewares/ST/STM32_USB_Host_Library/Core/Src/usbh_ioreq.c ****   */
 236:Middlewares/ST/STM32_USB_Host_Library/Core/Src/usbh_ioreq.c **** USBH_StatusTypeDef USBH_InterruptReceiveData(USBH_HandleTypeDef *phost,
 237:Middlewares/ST/STM32_USB_Host_Library/Core/Src/usbh_ioreq.c ****                                              uint8_t *buff,
 238:Middlewares/ST/STM32_USB_Host_Library/Core/Src/usbh_ioreq.c ****                                              uint8_t length,
 239:Middlewares/ST/STM32_USB_Host_Library/Core/Src/usbh_ioreq.c ****                                              uint8_t pipe_num)
 240:Middlewares/ST/STM32_USB_Host_Library/Core/Src/usbh_ioreq.c **** {
 313              		.loc 1 240 1 is_stmt 1 view -0
 314              		.cfi_startproc
 315              		@ args = 0, pretend = 0, frame = 0
 316              		@ frame_needed = 0, uses_anonymous_args = 0
 317              		.loc 1 240 1 is_stmt 0 view .LVU55
 318 0000 30B5     		push	{r4, r5, lr}
 319              		.cfi_def_cfa_offset 12
 320              		.cfi_offset 4, -12
 321              		.cfi_offset 5, -8
 322              		.cfi_offset 14, -4
 323 0002 85B0     		sub	sp, sp, #20
 324              		.cfi_def_cfa_offset 32
 325 0004 0D46     		mov	r5, r1
 326 0006 1946     		mov	r1, r3
 327              	.LVL30:
 241:Middlewares/ST/STM32_USB_Host_Library/Core/Src/usbh_ioreq.c ****   (void)USBH_LL_SubmitURB(phost,                /* Driver handle    */
 328              		.loc 1 241 3 is_stmt 1 view .LVU56
 329              		.loc 1 241 9 is_stmt 0 view .LVU57
 330 0008 0024     		movs	r4, #0
 331 000a 0394     		str	r4, [sp, #12]
 332 000c 0292     		str	r2, [sp, #8]
 333 000e 0195     		str	r5, [sp, #4]
 334 0010 0122     		movs	r2, #1
 335              	.LVL31:
 336              		.loc 1 241 9 view .LVU58
 337 0012 0092     		str	r2, [sp]
 338 0014 0323     		movs	r3, #3
 339              	.LVL32:
 340              		.loc 1 241 9 view .LVU59
ARM GAS  /tmp/ccuMEBgz.s 			page 11


 341 0016 FFF7FEFF 		bl	USBH_LL_SubmitURB
 342              	.LVL33:
 242:Middlewares/ST/STM32_USB_Host_Library/Core/Src/usbh_ioreq.c ****                           pipe_num,             /* Pipe index       */
 243:Middlewares/ST/STM32_USB_Host_Library/Core/Src/usbh_ioreq.c ****                           1U,                   /* Direction : IN   */
 244:Middlewares/ST/STM32_USB_Host_Library/Core/Src/usbh_ioreq.c ****                           USBH_EP_INTERRUPT,    /* EP type          */
 245:Middlewares/ST/STM32_USB_Host_Library/Core/Src/usbh_ioreq.c ****                           USBH_PID_DATA,        /* Type Data        */
 246:Middlewares/ST/STM32_USB_Host_Library/Core/Src/usbh_ioreq.c ****                           buff,                 /* data buffer      */
 247:Middlewares/ST/STM32_USB_Host_Library/Core/Src/usbh_ioreq.c ****                           (uint16_t)length,     /* data length      */
 248:Middlewares/ST/STM32_USB_Host_Library/Core/Src/usbh_ioreq.c ****                           0U);
 249:Middlewares/ST/STM32_USB_Host_Library/Core/Src/usbh_ioreq.c **** 
 250:Middlewares/ST/STM32_USB_Host_Library/Core/Src/usbh_ioreq.c ****   return USBH_OK;
 343              		.loc 1 250 3 is_stmt 1 view .LVU60
 251:Middlewares/ST/STM32_USB_Host_Library/Core/Src/usbh_ioreq.c **** }
 344              		.loc 1 251 1 is_stmt 0 view .LVU61
 345 001a 2046     		mov	r0, r4
 346 001c 05B0     		add	sp, sp, #20
 347              		.cfi_def_cfa_offset 12
 348              		@ sp needed
 349 001e 30BD     		pop	{r4, r5, pc}
 350              		.loc 1 251 1 view .LVU62
 351              		.cfi_endproc
 352              	.LFE138:
 354              		.section	.text.USBH_InterruptSendData,"ax",%progbits
 355              		.align	1
 356              		.global	USBH_InterruptSendData
 357              		.syntax unified
 358              		.thumb
 359              		.thumb_func
 360              		.fpu fpv4-sp-d16
 362              	USBH_InterruptSendData:
 363              	.LVL34:
 364              	.LFB139:
 252:Middlewares/ST/STM32_USB_Host_Library/Core/Src/usbh_ioreq.c **** 
 253:Middlewares/ST/STM32_USB_Host_Library/Core/Src/usbh_ioreq.c **** /**
 254:Middlewares/ST/STM32_USB_Host_Library/Core/Src/usbh_ioreq.c ****   * @brief  USBH_InterruptSendData
 255:Middlewares/ST/STM32_USB_Host_Library/Core/Src/usbh_ioreq.c ****   *         Sends the data on Interrupt OUT Endpoint
 256:Middlewares/ST/STM32_USB_Host_Library/Core/Src/usbh_ioreq.c ****   * @param  phost: Host Handle
 257:Middlewares/ST/STM32_USB_Host_Library/Core/Src/usbh_ioreq.c ****   * @param  buff: Buffer pointer from where the data needs to be copied
 258:Middlewares/ST/STM32_USB_Host_Library/Core/Src/usbh_ioreq.c ****   * @param  length: Length of the data to be sent
 259:Middlewares/ST/STM32_USB_Host_Library/Core/Src/usbh_ioreq.c ****   * @param  pipe_num: Pipe Number
 260:Middlewares/ST/STM32_USB_Host_Library/Core/Src/usbh_ioreq.c ****   * @retval USBH Status.
 261:Middlewares/ST/STM32_USB_Host_Library/Core/Src/usbh_ioreq.c ****   */
 262:Middlewares/ST/STM32_USB_Host_Library/Core/Src/usbh_ioreq.c **** USBH_StatusTypeDef USBH_InterruptSendData(USBH_HandleTypeDef *phost,
 263:Middlewares/ST/STM32_USB_Host_Library/Core/Src/usbh_ioreq.c ****                                           uint8_t *buff,
 264:Middlewares/ST/STM32_USB_Host_Library/Core/Src/usbh_ioreq.c ****                                           uint8_t length,
 265:Middlewares/ST/STM32_USB_Host_Library/Core/Src/usbh_ioreq.c ****                                           uint8_t pipe_num)
 266:Middlewares/ST/STM32_USB_Host_Library/Core/Src/usbh_ioreq.c **** {
 365              		.loc 1 266 1 is_stmt 1 view -0
 366              		.cfi_startproc
 367              		@ args = 0, pretend = 0, frame = 0
 368              		@ frame_needed = 0, uses_anonymous_args = 0
 369              		.loc 1 266 1 is_stmt 0 view .LVU64
 370 0000 30B5     		push	{r4, r5, lr}
 371              		.cfi_def_cfa_offset 12
 372              		.cfi_offset 4, -12
 373              		.cfi_offset 5, -8
 374              		.cfi_offset 14, -4
ARM GAS  /tmp/ccuMEBgz.s 			page 12


 375 0002 85B0     		sub	sp, sp, #20
 376              		.cfi_def_cfa_offset 32
 377 0004 0D46     		mov	r5, r1
 378 0006 1946     		mov	r1, r3
 379              	.LVL35:
 267:Middlewares/ST/STM32_USB_Host_Library/Core/Src/usbh_ioreq.c ****   (void)USBH_LL_SubmitURB(phost,                /* Driver handle    */
 380              		.loc 1 267 3 is_stmt 1 view .LVU65
 381              		.loc 1 267 9 is_stmt 0 view .LVU66
 382 0008 0024     		movs	r4, #0
 383 000a 0394     		str	r4, [sp, #12]
 384 000c 0292     		str	r2, [sp, #8]
 385 000e 0195     		str	r5, [sp, #4]
 386 0010 0123     		movs	r3, #1
 387              	.LVL36:
 388              		.loc 1 267 9 view .LVU67
 389 0012 0093     		str	r3, [sp]
 390 0014 0323     		movs	r3, #3
 391 0016 2246     		mov	r2, r4
 392              	.LVL37:
 393              		.loc 1 267 9 view .LVU68
 394 0018 FFF7FEFF 		bl	USBH_LL_SubmitURB
 395              	.LVL38:
 268:Middlewares/ST/STM32_USB_Host_Library/Core/Src/usbh_ioreq.c ****                           pipe_num,             /* Pipe index       */
 269:Middlewares/ST/STM32_USB_Host_Library/Core/Src/usbh_ioreq.c ****                           0U,                   /* Direction : OUT  */
 270:Middlewares/ST/STM32_USB_Host_Library/Core/Src/usbh_ioreq.c ****                           USBH_EP_INTERRUPT,    /* EP type          */
 271:Middlewares/ST/STM32_USB_Host_Library/Core/Src/usbh_ioreq.c ****                           USBH_PID_DATA,        /* Type Data        */
 272:Middlewares/ST/STM32_USB_Host_Library/Core/Src/usbh_ioreq.c ****                           buff,                 /* data buffer      */
 273:Middlewares/ST/STM32_USB_Host_Library/Core/Src/usbh_ioreq.c ****                           (uint16_t)length,     /* data length      */
 274:Middlewares/ST/STM32_USB_Host_Library/Core/Src/usbh_ioreq.c ****                           0U);
 275:Middlewares/ST/STM32_USB_Host_Library/Core/Src/usbh_ioreq.c **** 
 276:Middlewares/ST/STM32_USB_Host_Library/Core/Src/usbh_ioreq.c ****   return USBH_OK;
 396              		.loc 1 276 3 is_stmt 1 view .LVU69
 277:Middlewares/ST/STM32_USB_Host_Library/Core/Src/usbh_ioreq.c **** }
 397              		.loc 1 277 1 is_stmt 0 view .LVU70
 398 001c 2046     		mov	r0, r4
 399 001e 05B0     		add	sp, sp, #20
 400              		.cfi_def_cfa_offset 12
 401              		@ sp needed
 402 0020 30BD     		pop	{r4, r5, pc}
 403              		.loc 1 277 1 view .LVU71
 404              		.cfi_endproc
 405              	.LFE139:
 407              		.section	.text.USBH_IsocReceiveData,"ax",%progbits
 408              		.align	1
 409              		.global	USBH_IsocReceiveData
 410              		.syntax unified
 411              		.thumb
 412              		.thumb_func
 413              		.fpu fpv4-sp-d16
 415              	USBH_IsocReceiveData:
 416              	.LVL39:
 417              	.LFB140:
 278:Middlewares/ST/STM32_USB_Host_Library/Core/Src/usbh_ioreq.c **** 
 279:Middlewares/ST/STM32_USB_Host_Library/Core/Src/usbh_ioreq.c **** /**
 280:Middlewares/ST/STM32_USB_Host_Library/Core/Src/usbh_ioreq.c ****   * @brief  USBH_IsocReceiveData
 281:Middlewares/ST/STM32_USB_Host_Library/Core/Src/usbh_ioreq.c ****   *         Receives the Device Response to the Isochronous IN token
 282:Middlewares/ST/STM32_USB_Host_Library/Core/Src/usbh_ioreq.c ****   * @param  phost: Host Handle
ARM GAS  /tmp/ccuMEBgz.s 			page 13


 283:Middlewares/ST/STM32_USB_Host_Library/Core/Src/usbh_ioreq.c ****   * @param  buff: Buffer pointer in which the response needs to be copied
 284:Middlewares/ST/STM32_USB_Host_Library/Core/Src/usbh_ioreq.c ****   * @param  length: Length of the data to be received
 285:Middlewares/ST/STM32_USB_Host_Library/Core/Src/usbh_ioreq.c ****   * @param  pipe_num: Pipe Number
 286:Middlewares/ST/STM32_USB_Host_Library/Core/Src/usbh_ioreq.c ****   * @retval USBH Status.
 287:Middlewares/ST/STM32_USB_Host_Library/Core/Src/usbh_ioreq.c ****   */
 288:Middlewares/ST/STM32_USB_Host_Library/Core/Src/usbh_ioreq.c **** USBH_StatusTypeDef USBH_IsocReceiveData(USBH_HandleTypeDef *phost,
 289:Middlewares/ST/STM32_USB_Host_Library/Core/Src/usbh_ioreq.c ****                                         uint8_t *buff,
 290:Middlewares/ST/STM32_USB_Host_Library/Core/Src/usbh_ioreq.c ****                                         uint32_t length,
 291:Middlewares/ST/STM32_USB_Host_Library/Core/Src/usbh_ioreq.c ****                                         uint8_t pipe_num)
 292:Middlewares/ST/STM32_USB_Host_Library/Core/Src/usbh_ioreq.c **** {
 418              		.loc 1 292 1 is_stmt 1 view -0
 419              		.cfi_startproc
 420              		@ args = 0, pretend = 0, frame = 0
 421              		@ frame_needed = 0, uses_anonymous_args = 0
 422              		.loc 1 292 1 is_stmt 0 view .LVU73
 423 0000 30B5     		push	{r4, r5, lr}
 424              		.cfi_def_cfa_offset 12
 425              		.cfi_offset 4, -12
 426              		.cfi_offset 5, -8
 427              		.cfi_offset 14, -4
 428 0002 85B0     		sub	sp, sp, #20
 429              		.cfi_def_cfa_offset 32
 430 0004 0D46     		mov	r5, r1
 431 0006 1946     		mov	r1, r3
 432              	.LVL40:
 293:Middlewares/ST/STM32_USB_Host_Library/Core/Src/usbh_ioreq.c ****   (void)USBH_LL_SubmitURB(phost,                /* Driver handle    */
 433              		.loc 1 293 3 is_stmt 1 view .LVU74
 434              		.loc 1 293 9 is_stmt 0 view .LVU75
 435 0008 0024     		movs	r4, #0
 436 000a 0394     		str	r4, [sp, #12]
 437 000c 92B2     		uxth	r2, r2
 438              	.LVL41:
 439              		.loc 1 293 9 view .LVU76
 440 000e 0292     		str	r2, [sp, #8]
 441 0010 0195     		str	r5, [sp, #4]
 442 0012 0122     		movs	r2, #1
 443 0014 0092     		str	r2, [sp]
 444 0016 1346     		mov	r3, r2
 445              	.LVL42:
 446              		.loc 1 293 9 view .LVU77
 447 0018 FFF7FEFF 		bl	USBH_LL_SubmitURB
 448              	.LVL43:
 294:Middlewares/ST/STM32_USB_Host_Library/Core/Src/usbh_ioreq.c ****                           pipe_num,             /* Pipe index       */
 295:Middlewares/ST/STM32_USB_Host_Library/Core/Src/usbh_ioreq.c ****                           1U,                   /* Direction : IN   */
 296:Middlewares/ST/STM32_USB_Host_Library/Core/Src/usbh_ioreq.c ****                           USBH_EP_ISO,          /* EP type          */
 297:Middlewares/ST/STM32_USB_Host_Library/Core/Src/usbh_ioreq.c ****                           USBH_PID_DATA,        /* Type Data        */
 298:Middlewares/ST/STM32_USB_Host_Library/Core/Src/usbh_ioreq.c ****                           buff,                 /* data buffer      */
 299:Middlewares/ST/STM32_USB_Host_Library/Core/Src/usbh_ioreq.c ****                           (uint16_t)length,     /* data length      */
 300:Middlewares/ST/STM32_USB_Host_Library/Core/Src/usbh_ioreq.c ****                           0U);
 301:Middlewares/ST/STM32_USB_Host_Library/Core/Src/usbh_ioreq.c **** 
 302:Middlewares/ST/STM32_USB_Host_Library/Core/Src/usbh_ioreq.c **** 
 303:Middlewares/ST/STM32_USB_Host_Library/Core/Src/usbh_ioreq.c ****   return USBH_OK;
 449              		.loc 1 303 3 is_stmt 1 view .LVU78
 304:Middlewares/ST/STM32_USB_Host_Library/Core/Src/usbh_ioreq.c **** }
 450              		.loc 1 304 1 is_stmt 0 view .LVU79
 451 001c 2046     		mov	r0, r4
 452 001e 05B0     		add	sp, sp, #20
ARM GAS  /tmp/ccuMEBgz.s 			page 14


 453              		.cfi_def_cfa_offset 12
 454              		@ sp needed
 455 0020 30BD     		pop	{r4, r5, pc}
 456              		.loc 1 304 1 view .LVU80
 457              		.cfi_endproc
 458              	.LFE140:
 460              		.section	.text.USBH_IsocSendData,"ax",%progbits
 461              		.align	1
 462              		.global	USBH_IsocSendData
 463              		.syntax unified
 464              		.thumb
 465              		.thumb_func
 466              		.fpu fpv4-sp-d16
 468              	USBH_IsocSendData:
 469              	.LVL44:
 470              	.LFB141:
 305:Middlewares/ST/STM32_USB_Host_Library/Core/Src/usbh_ioreq.c **** 
 306:Middlewares/ST/STM32_USB_Host_Library/Core/Src/usbh_ioreq.c **** /**
 307:Middlewares/ST/STM32_USB_Host_Library/Core/Src/usbh_ioreq.c ****   * @brief  USBH_IsocSendData
 308:Middlewares/ST/STM32_USB_Host_Library/Core/Src/usbh_ioreq.c ****   *         Sends the data on Isochronous OUT Endpoint
 309:Middlewares/ST/STM32_USB_Host_Library/Core/Src/usbh_ioreq.c ****   * @param  phost: Host Handle
 310:Middlewares/ST/STM32_USB_Host_Library/Core/Src/usbh_ioreq.c ****   * @param  buff: Buffer pointer from where the data needs to be copied
 311:Middlewares/ST/STM32_USB_Host_Library/Core/Src/usbh_ioreq.c ****   * @param  length: Length of the data to be sent
 312:Middlewares/ST/STM32_USB_Host_Library/Core/Src/usbh_ioreq.c ****   * @param  pipe_num: Pipe Number
 313:Middlewares/ST/STM32_USB_Host_Library/Core/Src/usbh_ioreq.c ****   * @retval USBH Status.
 314:Middlewares/ST/STM32_USB_Host_Library/Core/Src/usbh_ioreq.c ****   */
 315:Middlewares/ST/STM32_USB_Host_Library/Core/Src/usbh_ioreq.c **** USBH_StatusTypeDef USBH_IsocSendData(USBH_HandleTypeDef *phost,
 316:Middlewares/ST/STM32_USB_Host_Library/Core/Src/usbh_ioreq.c ****                                      uint8_t *buff,
 317:Middlewares/ST/STM32_USB_Host_Library/Core/Src/usbh_ioreq.c ****                                      uint32_t length,
 318:Middlewares/ST/STM32_USB_Host_Library/Core/Src/usbh_ioreq.c ****                                      uint8_t pipe_num)
 319:Middlewares/ST/STM32_USB_Host_Library/Core/Src/usbh_ioreq.c **** {
 471              		.loc 1 319 1 is_stmt 1 view -0
 472              		.cfi_startproc
 473              		@ args = 0, pretend = 0, frame = 0
 474              		@ frame_needed = 0, uses_anonymous_args = 0
 475              		.loc 1 319 1 is_stmt 0 view .LVU82
 476 0000 30B5     		push	{r4, r5, lr}
 477              		.cfi_def_cfa_offset 12
 478              		.cfi_offset 4, -12
 479              		.cfi_offset 5, -8
 480              		.cfi_offset 14, -4
 481 0002 85B0     		sub	sp, sp, #20
 482              		.cfi_def_cfa_offset 32
 483 0004 0D46     		mov	r5, r1
 484 0006 1946     		mov	r1, r3
 485              	.LVL45:
 320:Middlewares/ST/STM32_USB_Host_Library/Core/Src/usbh_ioreq.c ****   (void)USBH_LL_SubmitURB(phost,                /* Driver handle    */
 486              		.loc 1 320 3 is_stmt 1 view .LVU83
 487              		.loc 1 320 9 is_stmt 0 view .LVU84
 488 0008 0024     		movs	r4, #0
 489 000a 0394     		str	r4, [sp, #12]
 490 000c 92B2     		uxth	r2, r2
 491              	.LVL46:
 492              		.loc 1 320 9 view .LVU85
 493 000e 0292     		str	r2, [sp, #8]
 494 0010 0195     		str	r5, [sp, #4]
 495 0012 0123     		movs	r3, #1
ARM GAS  /tmp/ccuMEBgz.s 			page 15


 496              	.LVL47:
 497              		.loc 1 320 9 view .LVU86
 498 0014 0093     		str	r3, [sp]
 499 0016 2246     		mov	r2, r4
 500 0018 FFF7FEFF 		bl	USBH_LL_SubmitURB
 501              	.LVL48:
 321:Middlewares/ST/STM32_USB_Host_Library/Core/Src/usbh_ioreq.c ****                           pipe_num,             /* Pipe index       */
 322:Middlewares/ST/STM32_USB_Host_Library/Core/Src/usbh_ioreq.c ****                           0U,                   /* Direction : OUT  */
 323:Middlewares/ST/STM32_USB_Host_Library/Core/Src/usbh_ioreq.c ****                           USBH_EP_ISO,          /* EP type          */
 324:Middlewares/ST/STM32_USB_Host_Library/Core/Src/usbh_ioreq.c ****                           USBH_PID_DATA,        /* Type Data        */
 325:Middlewares/ST/STM32_USB_Host_Library/Core/Src/usbh_ioreq.c ****                           buff,                 /* data buffer      */
 326:Middlewares/ST/STM32_USB_Host_Library/Core/Src/usbh_ioreq.c ****                           (uint16_t)length,     /* data length      */
 327:Middlewares/ST/STM32_USB_Host_Library/Core/Src/usbh_ioreq.c ****                           0U);
 328:Middlewares/ST/STM32_USB_Host_Library/Core/Src/usbh_ioreq.c **** 
 329:Middlewares/ST/STM32_USB_Host_Library/Core/Src/usbh_ioreq.c ****   return USBH_OK;
 502              		.loc 1 329 3 is_stmt 1 view .LVU87
 330:Middlewares/ST/STM32_USB_Host_Library/Core/Src/usbh_ioreq.c **** }
 503              		.loc 1 330 1 is_stmt 0 view .LVU88
 504 001c 2046     		mov	r0, r4
 505 001e 05B0     		add	sp, sp, #20
 506              		.cfi_def_cfa_offset 12
 507              		@ sp needed
 508 0020 30BD     		pop	{r4, r5, pc}
 509              		.loc 1 330 1 view .LVU89
 510              		.cfi_endproc
 511              	.LFE141:
 513              		.text
 514              	.Letext0:
 515              		.file 2 "/usr/include/newlib/machine/_default_types.h"
 516              		.file 3 "/usr/lib/gcc/arm-none-eabi/9.2.1/include/stddef.h"
 517              		.file 4 "/usr/include/newlib/sys/_types.h"
 518              		.file 5 "/usr/include/newlib/sys/reent.h"
 519              		.file 6 "/usr/include/newlib/sys/lock.h"
 520              		.file 7 "/usr/include/newlib/sys/_stdint.h"
 521              		.file 8 "/usr/include/newlib/stdlib.h"
 522              		.file 9 "Drivers/CMSIS/Include/core_cm4.h"
 523              		.file 10 "Drivers/CMSIS/Device/ST/STM32F4xx/Include/system_stm32f4xx.h"
 524              		.file 11 "Drivers/STM32F4xx_HAL_Driver/Inc/stm32f4xx_hal.h"
 525              		.file 12 "Middlewares/ST/STM32_USB_Host_Library/Core/Inc/usbh_def.h"
 526              		.file 13 "Middlewares/ST/STM32_USB_Host_Library/Core/Inc/usbh_ctlreq.h"
 527              		.file 14 "Middlewares/ST/STM32_USB_Host_Library/Core/Inc/usbh_core.h"
ARM GAS  /tmp/ccuMEBgz.s 			page 16


DEFINED SYMBOLS
                            *ABS*:0000000000000000 usbh_ioreq.c
     /tmp/ccuMEBgz.s:18     .text.USBH_CtlSendSetup:0000000000000000 $t
     /tmp/ccuMEBgz.s:26     .text.USBH_CtlSendSetup:0000000000000000 USBH_CtlSendSetup
     /tmp/ccuMEBgz.s:71     .text.USBH_CtlSendData:0000000000000000 $t
     /tmp/ccuMEBgz.s:78     .text.USBH_CtlSendData:0000000000000000 USBH_CtlSendData
     /tmp/ccuMEBgz.s:135    .text.USBH_CtlReceiveData:0000000000000000 $t
     /tmp/ccuMEBgz.s:142    .text.USBH_CtlReceiveData:0000000000000000 USBH_CtlReceiveData
     /tmp/ccuMEBgz.s:187    .text.USBH_BulkSendData:0000000000000000 $t
     /tmp/ccuMEBgz.s:194    .text.USBH_BulkSendData:0000000000000000 USBH_BulkSendData
     /tmp/ccuMEBgz.s:251    .text.USBH_BulkReceiveData:0000000000000000 $t
     /tmp/ccuMEBgz.s:258    .text.USBH_BulkReceiveData:0000000000000000 USBH_BulkReceiveData
     /tmp/ccuMEBgz.s:303    .text.USBH_InterruptReceiveData:0000000000000000 $t
     /tmp/ccuMEBgz.s:310    .text.USBH_InterruptReceiveData:0000000000000000 USBH_InterruptReceiveData
     /tmp/ccuMEBgz.s:355    .text.USBH_InterruptSendData:0000000000000000 $t
     /tmp/ccuMEBgz.s:362    .text.USBH_InterruptSendData:0000000000000000 USBH_InterruptSendData
     /tmp/ccuMEBgz.s:408    .text.USBH_IsocReceiveData:0000000000000000 $t
     /tmp/ccuMEBgz.s:415    .text.USBH_IsocReceiveData:0000000000000000 USBH_IsocReceiveData
     /tmp/ccuMEBgz.s:461    .text.USBH_IsocSendData:0000000000000000 $t
     /tmp/ccuMEBgz.s:468    .text.USBH_IsocSendData:0000000000000000 USBH_IsocSendData

UNDEFINED SYMBOLS
USBH_LL_SubmitURB
